Log file open, 02/17/20 17:20:11
LogWindows: Failed to load 'aqProf.dll' (GetLastError=126)
LogWindows: File 'aqProf.dll' does not exist
LogWindows: Failed to load 'VtuneApi.dll' (GetLastError=126)
LogWindows: File 'VtuneApi.dll' does not exist
LogWindows: Failed to load 'VtuneApi32e.dll' (GetLastError=126)
LogWindows: File 'VtuneApi32e.dll' does not exist
LogConsoleResponse: Display: Failed to find resolution value strings in scalability ini. Falling back to default.
LogInit: Display: Running engine for game: FloorIsLiterallyLava
LogPlatformFile: Not using cached read wrapper
LogTaskGraph: Started task graph with 5 named threads and 35 total threads with 3 sets of task threads.
LogStats: Stats thread started at 0.144594
LogD3D11RHI: Loaded GFSDK_Aftermath_Lib.x64.dll
LogICUInternationalization: ICU TimeZone Detection - Raw Offset: +1:00, Platform Override: ''
LogPluginManager: Mounting plugin Paper2D
LogPluginManager: Mounting plugin AISupport
LogPluginManager: Mounting plugin LightPropagationVolume
LogPluginManager: Mounting plugin ActorLayerUtilities
LogPluginManager: Mounting plugin AnimationSharing
LogPluginManager: Mounting plugin CLionSourceCodeAccess
LogPluginManager: Mounting plugin CodeLiteSourceCodeAccess
LogPluginManager: Mounting plugin GitSourceControl
LogPluginManager: Mounting plugin KDevelopSourceCodeAccess
LogPluginManager: Mounting plugin NullSourceCodeAccess
LogPluginManager: Mounting plugin PerforceSourceControl
LogPluginManager: Mounting plugin PlasticSourceControl
LogPluginManager: Mounting plugin SubversionSourceControl
LogPluginManager: Mounting plugin UObjectPlugin
LogPluginManager: Mounting plugin VisualStudioCodeSourceCodeAccess
LogPluginManager: Mounting plugin VisualStudioSourceCodeAccess
LogPluginManager: Mounting plugin XCodeSourceCodeAccess
LogPluginManager: Mounting plugin AssetManagerEditor
LogPluginManager: Mounting plugin CryptoKeys
LogPluginManager: Mounting plugin CurveEditorTools
LogPluginManager: Mounting plugin DataValidation
LogPluginManager: Mounting plugin FacialAnimation
LogPluginManager: Mounting plugin GameplayTagsEditor
LogPluginManager: Mounting plugin MacGraphicsSwitching
LogPluginManager: Mounting plugin MaterialAnalyzer
LogPluginManager: Mounting plugin MobileLauncherProfileWizard
LogPluginManager: Mounting plugin PluginBrowser
LogPluginManager: Mounting plugin SpeedTreeImporter
LogPluginManager: Mounting plugin DatasmithContent
LogPluginManager: Mounting plugin VariantManagerContent
LogPluginManager: Mounting plugin AlembicImporter
LogPluginManager: Mounting plugin AutomationUtils
LogPluginManager: Mounting plugin BackChannel
LogPluginManager: Mounting plugin CharacterAI
LogPluginManager: Mounting plugin GeometryCache
LogPluginManager: Mounting plugin PlatformCrypto
LogPluginManager: Mounting plugin ProxyLODPlugin
LogPluginManager: Mounting plugin SkeletalReduction
LogPluginManager: Mounting plugin MagicLeap
LogPluginManager: Mounting plugin MagicLeapMedia
LogPluginManager: Mounting plugin MLSDK
LogPluginManager: Mounting plugin AndroidMedia
LogPluginManager: Mounting plugin AvfMedia
LogPluginManager: Mounting plugin ImgMedia
LogPluginManager: Mounting plugin MediaCompositing
LogPluginManager: Mounting plugin MediaPlayerEditor
LogPluginManager: Mounting plugin WebMMedia
LogPluginManager: Mounting plugin WmfMedia
LogPluginManager: Mounting plugin TcpMessaging
LogPluginManager: Mounting plugin UdpMessaging
LogPluginManager: Mounting plugin ActorSequence
LogPluginManager: Mounting plugin LevelSequenceEditor
LogPluginManager: Mounting plugin MatineeToLevelSequence
LogPluginManager: Mounting plugin NetcodeUnitTest
LogPluginManager: Mounting plugin NUTUnrealEngine4
LogPluginManager: Mounting plugin OnlineSubsystemGooglePlay
LogPluginManager: Mounting plugin OnlineSubsystemIOS
LogPluginManager: Mounting plugin OnlineSubsystem
LogPluginManager: Mounting plugin OnlineSubsystemNull
LogPluginManager: Mounting plugin OnlineSubsystemUtils
LogPluginManager: Mounting plugin LauncherChunkInstaller
LogPluginManager: Mounting plugin AndroidDeviceProfileSelector
LogPluginManager: Mounting plugin AndroidMoviePlayer
LogPluginManager: Mounting plugin AndroidPermission
LogPluginManager: Mounting plugin AppleImageUtils
LogPluginManager: Mounting plugin AppleMoviePlayer
LogPluginManager: Mounting plugin ArchVisCharacter
LogPluginManager: Mounting plugin AssetTags
LogPluginManager: Mounting plugin AudioCapture
LogPluginManager: Mounting plugin CableComponent
LogPluginManager: Mounting plugin CustomMeshComponent
LogPluginManager: Mounting plugin EditableMesh
LogPluginManager: Mounting plugin ExampleDeviceProfileSelector
LogPluginManager: Mounting plugin GoogleCloudMessaging
LogPluginManager: Mounting plugin IOSDeviceProfileSelector
LogPluginManager: Mounting plugin LinuxDeviceProfileSelector
LogPluginManager: Mounting plugin LocationServicesBPLibrary
LogPluginManager: Mounting plugin MobilePatchingUtils
LogPluginManager: Mounting plugin OculusVR
LogPluginManager: Mounting plugin PhysXVehicles
LogPluginManager: Mounting plugin PostSplashScreen
LogPluginManager: Mounting plugin ProceduralMeshComponent
LogPluginManager: Mounting plugin RuntimePhysXCooking
LogPluginManager: Mounting plugin SignificanceManager
LogPluginManager: Mounting plugin SteamVR
LogPluginManager: Mounting plugin WebMMoviePlayer
LogPluginManager: Mounting plugin WindowsMoviePlayer
LogPluginManager: Mounting plugin ScreenshotTools
LogInit: Using libcurl 7.55.1-DEV
LogInit:  - built for x86_64-pc-win32
LogInit:  - supports SSL with OpenSSL/1.1.1
LogInit:  - supports HTTP deflate (compression) using libz 1.2.8
LogInit:  - other features:
LogInit:      CURL_VERSION_SSL
LogInit:      CURL_VERSION_LIBZ
LogInit:      CURL_VERSION_IPV6
LogInit:      CURL_VERSION_ASYNCHDNS
LogInit:      CURL_VERSION_LARGEFILE
LogInit:      CURL_VERSION_IDN
LogInit:  CurlRequestOptions (configurable via config and command line):
LogInit:  - bVerifyPeer = true  - Libcurl will verify peer certificate
LogInit:  - bUseHttpProxy = false  - Libcurl will NOT use HTTP proxy
LogInit:  - bDontReuseConnections = false  - Libcurl will reuse connections
LogInit:  - MaxHostConnections = 16  - Libcurl will limit the number of connections to a host
LogInit:  - LocalHostAddr = Default
LogInit:  - BufferSize = 65536
LogOnline: OSS: Creating online subsystem instance for: NULL
LogInit: WinSock: version 1.1 (2.2), MaxSocks=32767, MaxUdp=65467
LogOnline: OSS: TryLoadSubsystemAndSetDefault: Loaded subsystem for module [NULL]
LogInit: Build: ++UE4+Release-4.24-CL-11100242
LogInit: Engine Version: 4.24.2-11100242+++UE4+Release-4.24
LogInit: Compatible Engine Version: 4.24.0-10570792+++UE4+Release-4.24
LogInit: Net CL: 10570792
LogInit: OS: Windows 10 (Release 1903) (), CPU: Intel(R) Core(TM) i7-8750H CPU @ 2.20GHz, GPU: Intel(R) UHD Graphics 630
LogInit: Compiled (64-bit): Jan 24 2020 02:05:53
LogInit: Compiled with Visual C++: 19.16.27032.01
LogInit: Build Configuration: Development
LogInit: Branch Name: ++UE4+Release-4.24
LogInit: Command Line:  -skipcompile
LogInit: Base Directory: D:/Epic Games/UE_4.24/Engine/Binaries/Win64/
LogInit: Installed Engine Build: 1
LogDevObjectVersion: Number of dev versions registered: 25
LogDevObjectVersion:   Dev-Blueprints (B0D832E4-1F89-4F0D-ACCF-7EB736FD4AA2): 10
LogDevObjectVersion:   Dev-Build (E1C64328-A22C-4D53-A36C-8E866417BD8C): 0
LogDevObjectVersion:   Dev-Core (375EC13C-06E4-48FB-B500-84F0262A717E): 3
LogDevObjectVersion:   Dev-Editor (E4B068ED-F494-42E9-A231-DA0B2E46BB41): 37
LogDevObjectVersion:   Dev-Framework (CFFC743F-43B0-4480-9391-14DF171D2073): 36
LogDevObjectVersion:   Dev-Mobile (B02B49B5-BB20-44E9-A304-32B752E40360): 2
LogDevObjectVersion:   Dev-Networking (A4E4105C-59A1-49B5-A7C5-40C4547EDFEE): 0
LogDevObjectVersion:   Dev-Online (39C831C9-5AE6-47DC-9A44-9C173E1C8E7C): 0
LogDevObjectVersion:   Dev-Physics (78F01B33-EBEA-4F98-B9B4-84EACCB95AA2): 2
LogDevObjectVersion:   Dev-Platform (6631380F-2D4D-43E0-8009-CF276956A95A): 0
LogDevObjectVersion:   Dev-Rendering (12F88B9F-8875-4AFC-A67C-D90C383ABD29): 36
LogDevObjectVersion:   Dev-Sequencer (7B5AE74C-D270-4C10-A958-57980B212A5A): 11
LogDevObjectVersion:   Dev-VR (D7296918-1DD6-4BDD-9DE2-64A83CC13884): 2
LogDevObjectVersion:   Dev-LoadTimes (C2A15278-BFE7-4AFE-6C17-90FF531DF755): 1
LogDevObjectVersion:   Private-Geometry (6EACA3D4-40EC-4CC1-B786-8BED09428FC5): 3
LogDevObjectVersion:   Dev-AnimPhys (29E575DD-E0A3-4627-9D10-D276232CDCEA): 17
LogDevObjectVersion:   Dev-Anim (AF43A65D-7FD3-4947-9873-3E8ED9C1BB05): 2
LogDevObjectVersion:   Dev-ReflectionCapture (6B266CEC-1EC7-4B8F-A30B-E4D90942FC07): 1
LogDevObjectVersion:   Dev-Automation (0DF73D61-A23F-47EA-B727-89E90C41499A): 1
LogDevObjectVersion:   FortniteMain (601D1886-AC64-4F84-AA16-D3DE0DEAC7D6): 31
LogDevObjectVersion:   Dev-Enterprise (9DFFBCD6-494F-0158-E221-12823C92A888): 8
LogDevObjectVersion:   Dev-Niagara (F2AED0AC-9AFE-416F-8664-AA7FFA26D6FC): 1
LogDevObjectVersion:   Dev-Destruction (174F1F0B-B4C6-45A5-B13F-2EE8D0FB917D): 9
LogDevObjectVersion:   Dev-Physics-Ext (35F94A83-E258-406C-A318-09F59610247C): 8
LogDevObjectVersion:   Dev-CineCamera (B2E18506-4273-CFC2-A54E-F4BB758BBA07): 1
LogInit: Presizing for max 25165824 objects, including 0 objects not considered by GC, pre-allocating 0 bytes for permanent pool.
LogInit: Object subsystem initialized
LogConfig: Setting CVar [[con.DebugEarlyDefault:1]]
LogConfig: Setting CVar [[r.setres:1280x720]]
[2020.02.17-16.20.11:851][  0]LogConfig: Setting CVar [[r.VSync:0]]
[2020.02.17-16.20.11:851][  0]LogConfig: Setting CVar [[r.RHICmdBypass:0]]
[2020.02.17-16.20.11:851][  0]LogConfig: Applying CVar settings from Section [/Script/Engine.RendererSettings] File [C:/Users/Pierre/Documents/Unreal Projects/ProtosUnreal/FloorIsLiterallyLava/Saved/Config/Windows/Engine.ini]
[2020.02.17-16.20.11:851][  0]LogConfig: Setting CVar [[r.GPUCrashDebugging:0]]
[2020.02.17-16.20.11:851][  0]LogConfig: Applying CVar settings from Section [/Script/Engine.RendererOverrideSettings] File [C:/Users/Pierre/Documents/Unreal Projects/ProtosUnreal/FloorIsLiterallyLava/Saved/Config/Windows/Engine.ini]
[2020.02.17-16.20.11:851][  0]LogConfig: Applying CVar settings from Section [/Script/Engine.StreamingSettings] File [C:/Users/Pierre/Documents/Unreal Projects/ProtosUnreal/FloorIsLiterallyLava/Saved/Config/Windows/Engine.ini]
[2020.02.17-16.20.11:851][  0]LogConfig: Setting CVar [[s.MinBulkDataSizeForAsyncLoading:131072]]
[2020.02.17-16.20.11:851][  0]LogConfig: Setting CVar [[s.AsyncLoadingThreadEnabled:0]]
[2020.02.17-16.20.11:851][  0]LogConfig: Setting CVar [[s.EventDrivenLoaderEnabled:1]]
[2020.02.17-16.20.11:851][  0]LogConfig: Setting CVar [[s.WarnIfTimeLimitExceeded:0]]
[2020.02.17-16.20.11:851][  0]LogConfig: Setting CVar [[s.TimeLimitExceededMultiplier:1.5]]
[2020.02.17-16.20.11:852][  0]LogConfig: Setting CVar [[s.TimeLimitExceededMinTime:0.005]]
[2020.02.17-16.20.11:852][  0]LogConfig: Setting CVar [[s.UseBackgroundLevelStreaming:1]]
[2020.02.17-16.20.11:852][  0]LogConfig: Setting CVar [[s.PriorityAsyncLoadingExtraTime:15.0]]
[2020.02.17-16.20.11:852][  0]LogConfig: Setting CVar [[s.LevelStreamingActorsUpdateTimeLimit:5.0]]
[2020.02.17-16.20.11:852][  0]LogConfig: Setting CVar [[s.PriorityLevelStreamingActorsUpdateExtraTime:5.0]]
[2020.02.17-16.20.11:852][  0]LogConfig: Setting CVar [[s.LevelStreamingComponentsRegistrationGranularity:10]]
[2020.02.17-16.20.11:852][  0]LogConfig: Setting CVar [[s.UnregisterComponentsTimeLimit:1.0]]
[2020.02.17-16.20.11:852][  0]LogConfig: Setting CVar [[s.LevelStreamingComponentsUnregistrationGranularity:5]]
[2020.02.17-16.20.11:852][  0]LogConfig: Setting CVar [[s.FlushStreamingOnExit:1]]
[2020.02.17-16.20.11:852][  0]LogConfig: Applying CVar settings from Section [/Script/Engine.GarbageCollectionSettings] File [C:/Users/Pierre/Documents/Unreal Projects/ProtosUnreal/FloorIsLiterallyLava/Saved/Config/Windows/Engine.ini]
[2020.02.17-16.20.11:852][  0]LogConfig: Setting CVar [[gc.MaxObjectsNotConsideredByGC:1]]
[2020.02.17-16.20.11:852][  0]LogConfig: Setting CVar [[gc.SizeOfPermanentObjectPool:0]]
[2020.02.17-16.20.11:852][  0]LogConfig: Setting CVar [[gc.FlushStreamingOnGC:0]]
[2020.02.17-16.20.11:852][  0]LogConfig: Setting CVar [[gc.NumRetriesBeforeForcingGC:10]]
[2020.02.17-16.20.11:852][  0]LogConfig: Setting CVar [[gc.AllowParallelGC:1]]
[2020.02.17-16.20.11:852][  0]LogConfig: Setting CVar [[gc.TimeBetweenPurgingPendingKillObjects:61.1]]
[2020.02.17-16.20.11:852][  0]LogConfig: Setting CVar [[gc.MaxObjectsInEditor:25165824]]
[2020.02.17-16.20.11:853][  0]LogConfig: Setting CVar [[gc.IncrementalBeginDestroyEnabled:1]]
[2020.02.17-16.20.11:853][  0]LogConfig: Setting CVar [[gc.CreateGCClusters:1]]
[2020.02.17-16.20.11:853][  0]LogConfig: Setting CVar [[gc.MinGCClusterSize:5]]
[2020.02.17-16.20.11:853][  0]LogConfig: Setting CVar [[gc.ActorClusteringEnabled:0]]
[2020.02.17-16.20.11:853][  0]LogConfig: Setting CVar [[gc.BlueprintClusteringEnabled:0]]
[2020.02.17-16.20.11:853][  0]LogConfig: Setting CVar [[gc.UseDisregardForGCOnDedicatedServers:0]]
[2020.02.17-16.20.11:853][  0]LogConfig: Applying CVar settings from Section [/Script/Engine.NetworkSettings] File [C:/Users/Pierre/Documents/Unreal Projects/ProtosUnreal/FloorIsLiterallyLava/Saved/Config/Windows/Engine.ini]
[2020.02.17-16.20.11:853][  0]LogConfig: Applying CVar settings from Section [/Script/UnrealEd.CookerSettings] File [C:/Users/Pierre/Documents/Unreal Projects/ProtosUnreal/FloorIsLiterallyLava/Saved/Config/Windows/Engine.ini]
[2020.02.17-16.20.11:858][  0]LogConfig: Applying CVar settings from Section [ViewDistanceQuality@3] File [C:/Users/Pierre/Documents/Unreal Projects/ProtosUnreal/FloorIsLiterallyLava/Saved/Config/Windows/Scalability.ini]
[2020.02.17-16.20.11:858][  0]LogConfig: Setting CVar [[r.SkeletalMeshLODBias:0]]
[2020.02.17-16.20.11:858][  0]LogConfig: Setting CVar [[r.ViewDistanceScale:1.0]]
[2020.02.17-16.20.11:858][  0]LogConfig: Applying CVar settings from Section [AntiAliasingQuality@3] File [C:/Users/Pierre/Documents/Unreal Projects/ProtosUnreal/FloorIsLiterallyLava/Saved/Config/Windows/Scalability.ini]
[2020.02.17-16.20.11:858][  0]LogConfig: Setting CVar [[r.PostProcessAAQuality:4]]
[2020.02.17-16.20.11:858][  0]LogConfig: Applying CVar settings from Section [ShadowQuality@3] File [C:/Users/Pierre/Documents/Unreal Projects/ProtosUnreal/FloorIsLiterallyLava/Saved/Config/Windows/Scalability.ini]
[2020.02.17-16.20.11:859][  0]LogConfig: Setting CVar [[r.LightFunctionQuality:1]]
[2020.02.17-16.20.11:859][  0]LogConfig: Setting CVar [[r.ShadowQuality:5]]
[2020.02.17-16.20.11:859][  0]LogConfig: Setting CVar [[r.Shadow.CSM.MaxCascades:10]]
[2020.02.17-16.20.11:859][  0]LogConfig: Setting CVar [[r.Shadow.MaxResolution:2048]]
[2020.02.17-16.20.11:859][  0]LogConfig: Setting CVar [[r.Shadow.MaxCSMResolution:2048]]
[2020.02.17-16.20.11:859][  0]LogConfig: Setting CVar [[r.Shadow.RadiusThreshold:0.01]]
[2020.02.17-16.20.11:859][  0]LogConfig: Setting CVar [[r.Shadow.DistanceScale:1.0]]
[2020.02.17-16.20.11:859][  0]LogConfig: Setting CVar [[r.Shadow.CSM.TransitionScale:1.0]]
[2020.02.17-16.20.11:859][  0]LogConfig: Setting CVar [[r.Shadow.PreShadowResolutionFactor:1.0]]
[2020.02.17-16.20.11:859][  0]LogConfig: Setting CVar [[r.DistanceFieldShadowing:1]]
[2020.02.17-16.20.11:859][  0]LogConfig: Setting CVar [[r.DistanceFieldAO:1]]
[2020.02.17-16.20.11:859][  0]LogConfig: Setting CVar [[r.AOQuality:2]]
[2020.02.17-16.20.11:859][  0]LogConfig: Setting CVar [[r.VolumetricFog:1]]
[2020.02.17-16.20.11:859][  0]LogConfig: Setting CVar [[r.VolumetricFog.GridPixelSize:8]]
[2020.02.17-16.20.11:859][  0]LogConfig: Setting CVar [[r.VolumetricFog.GridSizeZ:128]]
[2020.02.17-16.20.11:859][  0]LogConfig: Setting CVar [[r.VolumetricFog.HistoryMissSupersampleCount:4]]
[2020.02.17-16.20.11:859][  0]LogConfig: Setting CVar [[r.LightMaxDrawDistanceScale:1]]
[2020.02.17-16.20.11:859][  0]LogConfig: Setting CVar [[r.CapsuleShadows:1]]
[2020.02.17-16.20.11:859][  0]LogConfig: Applying CVar settings from Section [PostProcessQuality@3] File [C:/Users/Pierre/Documents/Unreal Projects/ProtosUnreal/FloorIsLiterallyLava/Saved/Config/Windows/Scalability.ini]
[2020.02.17-16.20.11:860][  0]LogConfig: Setting CVar [[r.MotionBlurQuality:4]]
[2020.02.17-16.20.11:860][  0]LogConfig: Setting CVar [[r.AmbientOcclusionMipLevelFactor:0.4]]
[2020.02.17-16.20.11:860][  0]LogConfig: Setting CVar [[r.AmbientOcclusionMaxQuality:100]]
[2020.02.17-16.20.11:860][  0]LogConfig: Setting CVar [[r.AmbientOcclusionLevels:-1]]
[2020.02.17-16.20.11:860][  0]LogConfig: Setting CVar [[r.AmbientOcclusionRadiusScale:1.0]]
[2020.02.17-16.20.11:860][  0]LogConfig: Setting CVar [[r.DepthOfFieldQuality:2]]
[2020.02.17-16.20.11:860][  0]LogConfig: Setting CVar [[r.RenderTargetPoolMin:400]]
[2020.02.17-16.20.11:860][  0]LogConfig: Setting CVar [[r.LensFlareQuality:2]]
[2020.02.17-16.20.11:860][  0]LogConfig: Setting CVar [[r.SceneColorFringeQuality:1]]
[2020.02.17-16.20.11:860][  0]LogConfig: Setting CVar [[r.EyeAdaptationQuality:2]]
[2020.02.17-16.20.11:860][  0]LogConfig: Setting CVar [[r.BloomQuality:5]]
[2020.02.17-16.20.11:860][  0]LogConfig: Setting CVar [[r.FastBlurThreshold:100]]
[2020.02.17-16.20.11:860][  0]LogConfig: Setting CVar [[r.Upscale.Quality:3]]
[2020.02.17-16.20.11:860][  0]LogConfig: Setting CVar [[r.Tonemapper.GrainQuantization:1]]
[2020.02.17-16.20.11:860][  0]LogConfig: Setting CVar [[r.LightShaftQuality:1]]
[2020.02.17-16.20.11:860][  0]LogConfig: Setting CVar [[r.Filter.SizeScale:1]]
[2020.02.17-16.20.11:860][  0]LogConfig: Setting CVar [[r.Tonemapper.Quality:5]]
[2020.02.17-16.20.11:860][  0]LogConfig: Setting CVar [[r.DOF.Gather.AccumulatorQuality:1        ; higher gathering accumulator quality]]
[2020.02.17-16.20.11:860][  0]LogConfig: Setting CVar [[r.DOF.Gather.PostfilterMethod:1          ; Median3x3 postfilering method]]
[2020.02.17-16.20.11:861][  0]LogConfig: Setting CVar [[r.DOF.Gather.EnableBokehSettings:0       ; no bokeh simulation when gathering]]
[2020.02.17-16.20.11:861][  0]LogConfig: Setting CVar [[r.DOF.Gather.RingCount:4                 ; medium number of samples when gathering]]
[2020.02.17-16.20.11:861][  0]LogConfig: Setting CVar [[r.DOF.Scatter.ForegroundCompositing:1    ; additive foreground scattering]]
[2020.02.17-16.20.11:861][  0]LogConfig: Setting CVar [[r.DOF.Scatter.BackgroundCompositing:2    ; additive background scattering]]
[2020.02.17-16.20.11:861][  0]LogConfig: Setting CVar [[r.DOF.Scatter.EnableBokehSettings:1      ; bokeh simulation when scattering]]
[2020.02.17-16.20.11:861][  0]LogConfig: Setting CVar [[r.DOF.Scatter.MaxSpriteRatio:0.1         ; only a maximum of 10% of scattered bokeh]]
[2020.02.17-16.20.11:861][  0]LogConfig: Setting CVar [[r.DOF.Recombine.Quality:1                ; cheap slight out of focus]]
[2020.02.17-16.20.11:861][  0]LogConfig: Setting CVar [[r.DOF.Recombine.EnableBokehSettings:0    ; no bokeh simulation on slight out of focus]]
[2020.02.17-16.20.11:861][  0]LogConfig: Setting CVar [[r.DOF.TemporalAAQuality:1                ; more stable temporal accumulation]]
[2020.02.17-16.20.11:861][  0]LogConfig: Setting CVar [[r.DOF.Kernel.MaxForegroundRadius:0.025]]
[2020.02.17-16.20.11:861][  0]LogConfig: Setting CVar [[r.DOF.Kernel.MaxBackgroundRadius:0.025]]
[2020.02.17-16.20.11:861][  0]LogConfig: Applying CVar settings from Section [TextureQuality@3] File [C:/Users/Pierre/Documents/Unreal Projects/ProtosUnreal/FloorIsLiterallyLava/Saved/Config/Windows/Scalability.ini]
[2020.02.17-16.20.11:861][  0]LogConfig: Setting CVar [[r.Streaming.MipBias:0]]
[2020.02.17-16.20.11:861][  0]LogConfig: Setting CVar [[r.Streaming.AmortizeCPUToGPUCopy:0]]
[2020.02.17-16.20.11:861][  0]LogConfig: Setting CVar [[r.Streaming.MaxNumTexturesToStreamPerFrame:0]]
[2020.02.17-16.20.11:861][  0]LogConfig: Setting CVar [[r.Streaming.Boost:1]]
[2020.02.17-16.20.11:861][  0]LogConfig: Setting CVar [[r.MaxAnisotropy:8]]
[2020.02.17-16.20.11:861][  0]LogConfig: Setting CVar [[r.VT.MaxAnisotropy:8]]
[2020.02.17-16.20.11:861][  0]LogConfig: Setting CVar [[r.Streaming.LimitPoolSizeToVRAM:0]]
[2020.02.17-16.20.11:862][  0]LogConfig: Setting CVar [[r.Streaming.PoolSize:1000]]
[2020.02.17-16.20.11:862][  0]LogConfig: Setting CVar [[r.Streaming.MaxEffectiveScreenSize:0]]
[2020.02.17-16.20.11:862][  0]LogConfig: Applying CVar settings from Section [EffectsQuality@3] File [C:/Users/Pierre/Documents/Unreal Projects/ProtosUnreal/FloorIsLiterallyLava/Saved/Config/Windows/Scalability.ini]
[2020.02.17-16.20.11:862][  0]LogConfig: Setting CVar [[r.TranslucencyLightingVolumeDim:64]]
[2020.02.17-16.20.11:862][  0]LogConfig: Setting CVar [[r.RefractionQuality:2]]
[2020.02.17-16.20.11:862][  0]LogConfig: Setting CVar [[r.SSR.Quality:3]]
[2020.02.17-16.20.11:862][  0]LogConfig: Setting CVar [[r.SSR.HalfResSceneColor:0]]
[2020.02.17-16.20.11:862][  0]LogConfig: Setting CVar [[r.SceneColorFormat:4]]
[2020.02.17-16.20.11:862][  0]LogConfig: Setting CVar [[r.DetailMode:2]]
[2020.02.17-16.20.11:862][  0]LogConfig: Setting CVar [[r.TranslucencyVolumeBlur:1]]
[2020.02.17-16.20.11:862][  0]LogConfig: Setting CVar [[r.MaterialQualityLevel:1 ; High quality]]
[2020.02.17-16.20.11:862][  0]LogConfig: Setting CVar [[r.SSS.Scale:1]]
[2020.02.17-16.20.11:862][  0]LogConfig: Setting CVar [[r.SSS.SampleSet:2]]
[2020.02.17-16.20.11:862][  0]LogConfig: Setting CVar [[r.SSS.Quality:1]]
[2020.02.17-16.20.11:862][  0]LogConfig: Setting CVar [[r.SSS.HalfRes:1]]
[2020.02.17-16.20.11:862][  0]LogConfig: Setting CVar [[r.SSGI.Quality:3]]
[2020.02.17-16.20.11:862][  0]LogConfig: Setting CVar [[r.EmitterSpawnRateScale:1.0]]
[2020.02.17-16.20.11:862][  0]LogConfig: Setting CVar [[r.ParticleLightQuality:2]]
[2020.02.17-16.20.11:862][  0]LogConfig: Setting CVar [[r.SkyAtmosphere.AerialPerspectiveLUT.FastApplyOnOpaque:1 ; Always have FastSkyLUT 1 in this case to avoid wrong sky]]
[2020.02.17-16.20.11:862][  0]LogConfig: Setting CVar [[r.SkyAtmosphere.AerialPerspectiveLUT.SampleCountPerSlice:1]]
[2020.02.17-16.20.11:863][  0]LogConfig: Setting CVar [[r.SkyAtmosphere.AerialPerspectiveLUT.DepthResolution:16.0]]
[2020.02.17-16.20.11:863][  0]LogConfig: Setting CVar [[r.SkyAtmosphere.FastSkyLUT:1]]
[2020.02.17-16.20.11:863][  0]LogConfig: Setting CVar [[r.SkyAtmosphere.FastSkyLUT.SampleCountMin:4.0]]
[2020.02.17-16.20.11:863][  0]LogConfig: Setting CVar [[r.SkyAtmosphere.FastSkyLUT.SampleCountMax:32.0]]
[2020.02.17-16.20.11:863][  0]LogConfig: Setting CVar [[r.SkyAtmosphere.SampleCountMin:4.0]]
[2020.02.17-16.20.11:863][  0]LogConfig: Setting CVar [[r.SkyAtmosphere.SampleCountMax:32.0]]
[2020.02.17-16.20.11:863][  0]LogConfig: Setting CVar [[r.SkyAtmosphere.TransmittanceLUT.UseSmallFormat:0]]
[2020.02.17-16.20.11:863][  0]LogConfig: Setting CVar [[r.SkyAtmosphere.TransmittanceLUT.SampleCount:10.0]]
[2020.02.17-16.20.11:863][  0]LogConfig: Setting CVar [[r.SkyAtmosphere.MultiScatteringLUT.SampleCount:15.0]]
[2020.02.17-16.20.11:863][  0]LogConfig: Applying CVar settings from Section [FoliageQuality@3] File [C:/Users/Pierre/Documents/Unreal Projects/ProtosUnreal/FloorIsLiterallyLava/Saved/Config/Windows/Scalability.ini]
[2020.02.17-16.20.11:863][  0]LogConfig: Setting CVar [[foliage.DensityScale:1.0]]
[2020.02.17-16.20.11:863][  0]LogConfig: Setting CVar [[grass.DensityScale:1.0]]
[2020.02.17-16.20.11:863][  0]LogConfig: Applying CVar settings from Section [ShadingQuality@3] File [C:/Users/Pierre/Documents/Unreal Projects/ProtosUnreal/FloorIsLiterallyLava/Saved/Config/Windows/Scalability.ini]
[2020.02.17-16.20.11:863][  0]LogConfig: Setting CVar [[r.HairStrands.SkyLighting.SampleCount:16]]
[2020.02.17-16.20.11:863][  0]LogConfig: Setting CVar [[r.HairStrands.SkyLighting.JitterIntegration:0]]
[2020.02.17-16.20.11:863][  0]LogConfig: Setting CVar [[r.HairStrands.SkyAO.SampleCount:16]]
[2020.02.17-16.20.11:863][  0]LogInit: Selected Device Profile: [Windows]
[2020.02.17-16.20.11:863][  0]LogInit: Applying CVar settings loaded from the selected device profile: [Windows]
[2020.02.17-16.20.11:867][  0]LogHAL: Display: Platform has ~ 16 GB [17023979520 / 17179869184 / 16], which maps to Larger [LargestMinGB=32, LargerMinGB=12, DefaultMinGB=8, SmallerMinGB=6, SmallestMinGB=0)
[2020.02.17-16.20.11:867][  0]LogInit: Going up to parent DeviceProfile []
[2020.02.17-16.20.11:867][  0]LogConfig: Applying CVar settings from Section [ViewDistanceQuality@3] File [C:/Users/Pierre/Documents/Unreal Projects/ProtosUnreal/FloorIsLiterallyLava/Saved/Config/Windows/Scalability.ini]
[2020.02.17-16.20.11:867][  0]LogConfig: Setting CVar [[r.SkeletalMeshLODBias:0]]
[2020.02.17-16.20.11:867][  0]LogConfig: Setting CVar [[r.ViewDistanceScale:1.0]]
[2020.02.17-16.20.11:867][  0]LogConfig: Applying CVar settings from Section [AntiAliasingQuality@3] File [C:/Users/Pierre/Documents/Unreal Projects/ProtosUnreal/FloorIsLiterallyLava/Saved/Config/Windows/Scalability.ini]
[2020.02.17-16.20.11:868][  0]LogConfig: Setting CVar [[r.PostProcessAAQuality:4]]
[2020.02.17-16.20.11:868][  0]LogConfig: Applying CVar settings from Section [ShadowQuality@3] File [C:/Users/Pierre/Documents/Unreal Projects/ProtosUnreal/FloorIsLiterallyLava/Saved/Config/Windows/Scalability.ini]
[2020.02.17-16.20.11:868][  0]LogConfig: Setting CVar [[r.LightFunctionQuality:1]]
[2020.02.17-16.20.11:868][  0]LogConfig: Setting CVar [[r.ShadowQuality:5]]
[2020.02.17-16.20.11:868][  0]LogConfig: Setting CVar [[r.Shadow.CSM.MaxCascades:10]]
[2020.02.17-16.20.11:868][  0]LogConfig: Setting CVar [[r.Shadow.MaxResolution:2048]]
[2020.02.17-16.20.11:868][  0]LogConfig: Setting CVar [[r.Shadow.MaxCSMResolution:2048]]
[2020.02.17-16.20.11:868][  0]LogConfig: Setting CVar [[r.Shadow.RadiusThreshold:0.01]]
[2020.02.17-16.20.11:868][  0]LogConfig: Setting CVar [[r.Shadow.DistanceScale:1.0]]
[2020.02.17-16.20.11:868][  0]LogConfig: Setting CVar [[r.Shadow.CSM.TransitionScale:1.0]]
[2020.02.17-16.20.11:868][  0]LogConfig: Setting CVar [[r.Shadow.PreShadowResolutionFactor:1.0]]
[2020.02.17-16.20.11:868][  0]LogConfig: Setting CVar [[r.DistanceFieldShadowing:1]]
[2020.02.17-16.20.11:868][  0]LogConfig: Setting CVar [[r.DistanceFieldAO:1]]
[2020.02.17-16.20.11:868][  0]LogConfig: Setting CVar [[r.AOQuality:2]]
[2020.02.17-16.20.11:868][  0]LogConfig: Setting CVar [[r.VolumetricFog:1]]
[2020.02.17-16.20.11:868][  0]LogConfig: Setting CVar [[r.VolumetricFog.GridPixelSize:8]]
[2020.02.17-16.20.11:869][  0]LogConfig: Setting CVar [[r.VolumetricFog.GridSizeZ:128]]
[2020.02.17-16.20.11:869][  0]LogConfig: Setting CVar [[r.VolumetricFog.HistoryMissSupersampleCount:4]]
[2020.02.17-16.20.11:869][  0]LogConfig: Setting CVar [[r.LightMaxDrawDistanceScale:1]]
[2020.02.17-16.20.11:869][  0]LogConfig: Setting CVar [[r.CapsuleShadows:1]]
[2020.02.17-16.20.11:869][  0]LogConfig: Applying CVar settings from Section [PostProcessQuality@3] File [C:/Users/Pierre/Documents/Unreal Projects/ProtosUnreal/FloorIsLiterallyLava/Saved/Config/Windows/Scalability.ini]
[2020.02.17-16.20.11:869][  0]LogConfig: Setting CVar [[r.MotionBlurQuality:4]]
[2020.02.17-16.20.11:869][  0]LogConfig: Setting CVar [[r.AmbientOcclusionMipLevelFactor:0.4]]
[2020.02.17-16.20.11:869][  0]LogConfig: Setting CVar [[r.AmbientOcclusionMaxQuality:100]]
[2020.02.17-16.20.11:869][  0]LogConfig: Setting CVar [[r.AmbientOcclusionLevels:-1]]
[2020.02.17-16.20.11:869][  0]LogConfig: Setting CVar [[r.AmbientOcclusionRadiusScale:1.0]]
[2020.02.17-16.20.11:869][  0]LogConfig: Setting CVar [[r.DepthOfFieldQuality:2]]
[2020.02.17-16.20.11:869][  0]LogConfig: Setting CVar [[r.RenderTargetPoolMin:400]]
[2020.02.17-16.20.11:869][  0]LogConfig: Setting CVar [[r.LensFlareQuality:2]]
[2020.02.17-16.20.11:869][  0]LogConfig: Setting CVar [[r.SceneColorFringeQuality:1]]
[2020.02.17-16.20.11:869][  0]LogConfig: Setting CVar [[r.EyeAdaptationQuality:2]]
[2020.02.17-16.20.11:869][  0]LogConfig: Setting CVar [[r.BloomQuality:5]]
[2020.02.17-16.20.11:870][  0]LogConfig: Setting CVar [[r.FastBlurThreshold:100]]
[2020.02.17-16.20.11:870][  0]LogConfig: Setting CVar [[r.Upscale.Quality:3]]
[2020.02.17-16.20.11:870][  0]LogConfig: Setting CVar [[r.Tonemapper.GrainQuantization:1]]
[2020.02.17-16.20.11:870][  0]LogConfig: Setting CVar [[r.LightShaftQuality:1]]
[2020.02.17-16.20.11:870][  0]LogConfig: Setting CVar [[r.Filter.SizeScale:1]]
[2020.02.17-16.20.11:870][  0]LogConfig: Setting CVar [[r.Tonemapper.Quality:5]]
[2020.02.17-16.20.11:870][  0]LogConfig: Setting CVar [[r.DOF.Gather.AccumulatorQuality:1        ; higher gathering accumulator quality]]
[2020.02.17-16.20.11:870][  0]LogConfig: Setting CVar [[r.DOF.Gather.PostfilterMethod:1          ; Median3x3 postfilering method]]
[2020.02.17-16.20.11:870][  0]LogConfig: Setting CVar [[r.DOF.Gather.EnableBokehSettings:0       ; no bokeh simulation when gathering]]
[2020.02.17-16.20.11:870][  0]LogConfig: Setting CVar [[r.DOF.Gather.RingCount:4                 ; medium number of samples when gathering]]
[2020.02.17-16.20.11:870][  0]LogConfig: Setting CVar [[r.DOF.Scatter.ForegroundCompositing:1    ; additive foreground scattering]]
[2020.02.17-16.20.11:870][  0]LogConfig: Setting CVar [[r.DOF.Scatter.BackgroundCompositing:2    ; additive background scattering]]
[2020.02.17-16.20.11:870][  0]LogConfig: Setting CVar [[r.DOF.Scatter.EnableBokehSettings:1      ; bokeh simulation when scattering]]
[2020.02.17-16.20.11:871][  0]LogConfig: Setting CVar [[r.DOF.Scatter.MaxSpriteRatio:0.1         ; only a maximum of 10% of scattered bokeh]]
[2020.02.17-16.20.11:871][  0]LogConfig: Setting CVar [[r.DOF.Recombine.Quality:1                ; cheap slight out of focus]]
[2020.02.17-16.20.11:871][  0]LogConfig: Setting CVar [[r.DOF.Recombine.EnableBokehSettings:0    ; no bokeh simulation on slight out of focus]]
[2020.02.17-16.20.11:871][  0]LogConfig: Setting CVar [[r.DOF.TemporalAAQuality:1                ; more stable temporal accumulation]]
[2020.02.17-16.20.11:871][  0]LogConfig: Setting CVar [[r.DOF.Kernel.MaxForegroundRadius:0.025]]
[2020.02.17-16.20.11:871][  0]LogConfig: Setting CVar [[r.DOF.Kernel.MaxBackgroundRadius:0.025]]
[2020.02.17-16.20.11:871][  0]LogConfig: Applying CVar settings from Section [TextureQuality@3] File [C:/Users/Pierre/Documents/Unreal Projects/ProtosUnreal/FloorIsLiterallyLava/Saved/Config/Windows/Scalability.ini]
[2020.02.17-16.20.11:871][  0]LogConfig: Setting CVar [[r.Streaming.MipBias:0]]
[2020.02.17-16.20.11:871][  0]LogConfig: Setting CVar [[r.Streaming.AmortizeCPUToGPUCopy:0]]
[2020.02.17-16.20.11:871][  0]LogConfig: Setting CVar [[r.Streaming.MaxNumTexturesToStreamPerFrame:0]]
[2020.02.17-16.20.11:871][  0]LogConfig: Setting CVar [[r.Streaming.Boost:1]]
[2020.02.17-16.20.11:871][  0]LogConfig: Setting CVar [[r.MaxAnisotropy:8]]
[2020.02.17-16.20.11:871][  0]LogConfig: Setting CVar [[r.VT.MaxAnisotropy:8]]
[2020.02.17-16.20.11:871][  0]LogConfig: Setting CVar [[r.Streaming.LimitPoolSizeToVRAM:0]]
[2020.02.17-16.20.11:871][  0]LogConfig: Setting CVar [[r.Streaming.PoolSize:1000]]
[2020.02.17-16.20.11:871][  0]LogConfig: Setting CVar [[r.Streaming.MaxEffectiveScreenSize:0]]
[2020.02.17-16.20.11:871][  0]LogConfig: Applying CVar settings from Section [EffectsQuality@3] File [C:/Users/Pierre/Documents/Unreal Projects/ProtosUnreal/FloorIsLiterallyLava/Saved/Config/Windows/Scalability.ini]
[2020.02.17-16.20.11:871][  0]LogConfig: Setting CVar [[r.TranslucencyLightingVolumeDim:64]]
[2020.02.17-16.20.11:872][  0]LogConfig: Setting CVar [[r.RefractionQuality:2]]
[2020.02.17-16.20.11:872][  0]LogConfig: Setting CVar [[r.SSR.Quality:3]]
[2020.02.17-16.20.11:872][  0]LogConfig: Setting CVar [[r.SSR.HalfResSceneColor:0]]
[2020.02.17-16.20.11:872][  0]LogConfig: Setting CVar [[r.SceneColorFormat:4]]
[2020.02.17-16.20.11:872][  0]LogConfig: Setting CVar [[r.DetailMode:2]]
[2020.02.17-16.20.11:872][  0]LogConfig: Setting CVar [[r.TranslucencyVolumeBlur:1]]
[2020.02.17-16.20.11:872][  0]LogConfig: Setting CVar [[r.MaterialQualityLevel:1 ; High quality]]
[2020.02.17-16.20.11:872][  0]LogConfig: Setting CVar [[r.SSS.Scale:1]]
[2020.02.17-16.20.11:872][  0]LogConfig: Setting CVar [[r.SSS.SampleSet:2]]
[2020.02.17-16.20.11:872][  0]LogConfig: Setting CVar [[r.SSS.Quality:1]]
[2020.02.17-16.20.11:872][  0]LogConfig: Setting CVar [[r.SSS.HalfRes:1]]
[2020.02.17-16.20.11:872][  0]LogConfig: Setting CVar [[r.SSGI.Quality:3]]
[2020.02.17-16.20.11:872][  0]LogConfig: Setting CVar [[r.EmitterSpawnRateScale:1.0]]
[2020.02.17-16.20.11:872][  0]LogConfig: Setting CVar [[r.ParticleLightQuality:2]]
[2020.02.17-16.20.11:872][  0]LogConfig: Setting CVar [[r.SkyAtmosphere.AerialPerspectiveLUT.FastApplyOnOpaque:1 ; Always have FastSkyLUT 1 in this case to avoid wrong sky]]
[2020.02.17-16.20.11:872][  0]LogConfig: Setting CVar [[r.SkyAtmosphere.AerialPerspectiveLUT.SampleCountPerSlice:1]]
[2020.02.17-16.20.11:872][  0]LogConfig: Setting CVar [[r.SkyAtmosphere.AerialPerspectiveLUT.DepthResolution:16.0]]
[2020.02.17-16.20.11:872][  0]LogConfig: Setting CVar [[r.SkyAtmosphere.FastSkyLUT:1]]
[2020.02.17-16.20.11:872][  0]LogConfig: Setting CVar [[r.SkyAtmosphere.FastSkyLUT.SampleCountMin:4.0]]
[2020.02.17-16.20.11:873][  0]LogConfig: Setting CVar [[r.SkyAtmosphere.FastSkyLUT.SampleCountMax:32.0]]
[2020.02.17-16.20.11:873][  0]LogConfig: Setting CVar [[r.SkyAtmosphere.SampleCountMin:4.0]]
[2020.02.17-16.20.11:873][  0]LogConfig: Setting CVar [[r.SkyAtmosphere.SampleCountMax:32.0]]
[2020.02.17-16.20.11:873][  0]LogConfig: Setting CVar [[r.SkyAtmosphere.TransmittanceLUT.UseSmallFormat:0]]
[2020.02.17-16.20.11:873][  0]LogConfig: Setting CVar [[r.SkyAtmosphere.TransmittanceLUT.SampleCount:10.0]]
[2020.02.17-16.20.11:873][  0]LogConfig: Setting CVar [[r.SkyAtmosphere.MultiScatteringLUT.SampleCount:15.0]]
[2020.02.17-16.20.11:873][  0]LogConfig: Applying CVar settings from Section [FoliageQuality@3] File [C:/Users/Pierre/Documents/Unreal Projects/ProtosUnreal/FloorIsLiterallyLava/Saved/Config/Windows/Scalability.ini]
[2020.02.17-16.20.11:873][  0]LogConfig: Setting CVar [[foliage.DensityScale:1.0]]
[2020.02.17-16.20.11:873][  0]LogConfig: Setting CVar [[grass.DensityScale:1.0]]
[2020.02.17-16.20.11:873][  0]LogConfig: Applying CVar settings from Section [ShadingQuality@3] File [C:/Users/Pierre/Documents/Unreal Projects/ProtosUnreal/FloorIsLiterallyLava/Saved/Config/Windows/Scalability.ini]
[2020.02.17-16.20.11:873][  0]LogConfig: Setting CVar [[r.HairStrands.SkyLighting.SampleCount:16]]
[2020.02.17-16.20.11:873][  0]LogConfig: Setting CVar [[r.HairStrands.SkyLighting.JitterIntegration:0]]
[2020.02.17-16.20.11:873][  0]LogConfig: Setting CVar [[r.HairStrands.SkyAO.SampleCount:16]]
[2020.02.17-16.20.11:873][  0]LogConfig: Applying CVar settings from Section [Startup] File [../../../Engine/Config/ConsoleVariables.ini]
[2020.02.17-16.20.11:874][  0]LogConfig: Setting CVar [[net.UseAdaptiveNetUpdateFrequency:0]]
[2020.02.17-16.20.11:874][  0]LogConfig: Setting CVar [[p.chaos.AllowCreatePhysxBodies:1]]
[2020.02.17-16.20.11:874][  0]LogConfig: Applying CVar settings from Section [ConsoleVariables] File [C:/Users/Pierre/Documents/Unreal Projects/ProtosUnreal/FloorIsLiterallyLava/Saved/Config/Windows/Engine.ini]
[2020.02.17-16.20.11:874][  0]LogInit: Computer: LAPTOP-1HQQNJKF
[2020.02.17-16.20.11:874][  0]LogInit: User: Pierre
[2020.02.17-16.20.11:874][  0]LogInit: CPU Page size=4096, Cores=6
[2020.02.17-16.20.11:874][  0]LogInit: High frequency timer resolution =10.000000 MHz
[2020.02.17-16.20.11:874][  0]LogMemory: Memory total: Physical=15.9GB (16GB approx)
[2020.02.17-16.20.11:874][  0]LogMemory: Platform Memory Stats for Windows
[2020.02.17-16.20.11:874][  0]LogMemory: Process Physical Memory: 105.83 MB used, 105.83 MB peak
[2020.02.17-16.20.11:874][  0]LogMemory: Process Virtual Memory: 101.64 MB used, 101.64 MB peak
[2020.02.17-16.20.11:875][  0]LogMemory: Physical Memory: 7664.58 MB used,  8570.75 MB free, 16235.33 MB total
[2020.02.17-16.20.11:875][  0]LogMemory: Virtual Memory: 5159.25 MB used,  134212568.00 MB free, 134217728.00 MB total
[2020.02.17-16.20.11:887][  0]LogWindows: WindowsPlatformFeatures enabled
[2020.02.17-16.20.12:088][  0]LogInit: Using OS detected language (fr-FR).
[2020.02.17-16.20.12:088][  0]LogInit: Using OS detected locale (fr-FR).
[2020.02.17-16.20.12:088][  0]LogTextLocalizationManager: No specific localization for 'fr-FR' exists, so the 'fr' localization will be used.
[2020.02.17-16.20.12:089][  0]LogTextLocalizationResource: LocRes '../../../Engine/Content/Localization/Editor/fr/Editor.locres' could not be opened for reading!
[2020.02.17-16.20.12:089][  0]LogTextLocalizationResource: LocRes '../../../Engine/Content/Localization/EditorTutorials/fr/EditorTutorials.locres' could not be opened for reading!
[2020.02.17-16.20.12:089][  0]LogTextLocalizationResource: LocRes '../../../Engine/Content/Localization/Keywords/fr/Keywords.locres' could not be opened for reading!
[2020.02.17-16.20.12:089][  0]LogTextLocalizationResource: LocRes '../../../Engine/Content/Localization/Category/fr/Category.locres' could not be opened for reading!
[2020.02.17-16.20.12:089][  0]LogTextLocalizationResource: LocRes '../../../Engine/Content/Localization/ToolTips/fr/ToolTips.locres' could not be opened for reading!
[2020.02.17-16.20.12:090][  0]LogTextLocalizationResource: LocRes '../../../Engine/Content/Localization/PropertyNames/fr/PropertyNames.locres' could not be opened for reading!
[2020.02.17-16.20.12:090][  0]LogTextLocalizationResource: LocRes '../../../Engine/Content/Localization/Engine/fr/Engine.locres' could not be opened for reading!
[2020.02.17-16.20.12:090][  0]LogInit: Setting process to per monitor DPI aware
[2020.02.17-16.20.12:136][  0]LogSlate: New Slate User Created.  User Index 0, Is Virtual User: 0
[2020.02.17-16.20.12:136][  0]LogSlate: Slate User Registered.  User Index 0, Is Virtual User: 0
[2020.02.17-16.20.12:279][  0]LogHMD: Failed to initialize OpenVR with code 110
[2020.02.17-16.20.12:279][  0]LogD3D11RHI: D3D11 min allowed feature level: 11_0
[2020.02.17-16.20.12:279][  0]LogD3D11RHI: D3D11 max allowed feature level: 11_0
[2020.02.17-16.20.12:279][  0]LogD3D11RHI: D3D11 adapters:
[2020.02.17-16.20.12:707][  0]LogD3D11RHI:    0. 'NVIDIA GeForce GTX 1050' (Feature Level 11_0)
[2020.02.17-16.20.12:707][  0]LogD3D11RHI:       4021/0/8117 MB DedicatedVideo/DedicatedSystem/SharedSystem, Outputs:1, VendorId:0x10de
[2020.02.17-16.20.12:728][  0]LogD3D11RHI:    1. 'Intel(R) UHD Graphics 630' (Feature Level 11_0)
[2020.02.17-16.20.12:728][  0]LogD3D11RHI:       128/0/8117 MB DedicatedVideo/DedicatedSystem/SharedSystem, Outputs:0, VendorId:0x8086
[2020.02.17-16.20.12:734][  0]LogD3D11RHI:    2. 'Microsoft Basic Render Driver' (Feature Level 11_0)
[2020.02.17-16.20.12:734][  0]LogD3D11RHI:       0/0/8117 MB DedicatedVideo/DedicatedSystem/SharedSystem, Outputs:0, VendorId:0x1414
[2020.02.17-16.20.12:734][  0]LogD3D11RHI: Chosen D3D11 Adapter: 0
[2020.02.17-16.20.12:767][  0]LogD3D11RHI: Creating new Direct3DDevice
[2020.02.17-16.20.12:767][  0]LogD3D11RHI:     GPU DeviceId: 0x1c8d (for the marketing name, search the web for "GPU Device Id")
[2020.02.17-16.20.12:767][  0]LogWindows: EnumDisplayDevices:
[2020.02.17-16.20.12:768][  0]LogWindows:    0. 'Intel(R) UHD Graphics 630' (P:1 D:1)
[2020.02.17-16.20.12:768][  0]LogWindows:    1. 'Intel(R) UHD Graphics 630' (P:0 D:0)
[2020.02.17-16.20.12:769][  0]LogWindows:    2. 'Intel(R) UHD Graphics 630' (P:0 D:0)
[2020.02.17-16.20.12:769][  0]LogWindows: DebugString: PrimaryIsNotTheChoosenAdapter PrimaryIsNotTheChoosenAdapter PrimaryIsNotTheChoosenAdapter FoundDriverCount:0 
[2020.02.17-16.20.12:769][  0]LogD3D11RHI:     Adapter Name: NVIDIA GeForce GTX 1050
[2020.02.17-16.20.12:769][  0]LogD3D11RHI:   Driver Version: Unknown (internal:Unknown, unified:Unknown)
[2020.02.17-16.20.12:769][  0]LogD3D11RHI:      Driver Date: Unknown
[2020.02.17-16.20.12:769][  0]LogRHI: Texture pool is 2814 MB (70% of 4021 MB)
[2020.02.17-16.20.12:818][  0]LogD3D11RHI: RHI has support for 64 bit atomics
[2020.02.17-16.20.12:818][  0]LogD3D11RHI: Async texture creation enabled
[2020.02.17-16.20.12:830][  0]LogD3D11RHI: GPU Timing Frequency: 1000.000000 (Debug: 2 1)
[2020.02.17-16.20.13:097][  0]LogTargetPlatformManager: Display: Loaded TargetPlatform 'AllDesktop'
[2020.02.17-16.20.13:126][  0]LogTargetPlatformManager: Display: Loaded TargetPlatform 'Android'
[2020.02.17-16.20.13:127][  0]LogTargetPlatformManager: Display: Loaded TargetPlatform 'Android_ASTC'
[2020.02.17-16.20.13:127][  0]LogTargetPlatformManager: Display: Loaded TargetPlatform 'Android_ATC'
[2020.02.17-16.20.13:127][  0]LogTargetPlatformManager: Display: Loaded TargetPlatform 'Android_DXT'
[2020.02.17-16.20.13:127][  0]LogTargetPlatformManager: Display: Loaded TargetPlatform 'Android_ETC1'
[2020.02.17-16.20.13:127][  0]LogTargetPlatformManager: Display: Loaded TargetPlatform 'Android_ETC1a'
[2020.02.17-16.20.13:127][  0]LogTargetPlatformManager: Display: Loaded TargetPlatform 'Android_ETC2'
[2020.02.17-16.20.13:127][  0]LogTargetPlatformManager: Display: Loaded TargetPlatform 'Android_PVRTC'
[2020.02.17-16.20.13:128][  0]LogTargetPlatformManager: Display: Loaded TargetPlatform 'AndroidClient'
[2020.02.17-16.20.13:128][  0]LogTargetPlatformManager: Display: Loaded TargetPlatform 'Android_ASTCClient'
[2020.02.17-16.20.13:128][  0]LogTargetPlatformManager: Display: Loaded TargetPlatform 'Android_ATCClient'
[2020.02.17-16.20.13:128][  0]LogTargetPlatformManager: Display: Loaded TargetPlatform 'Android_DXTClient'
[2020.02.17-16.20.13:128][  0]LogTargetPlatformManager: Display: Loaded TargetPlatform 'Android_ETC1Client'
[2020.02.17-16.20.13:128][  0]LogTargetPlatformManager: Display: Loaded TargetPlatform 'Android_ETC1aClient'
[2020.02.17-16.20.13:128][  0]LogTargetPlatformManager: Display: Loaded TargetPlatform 'Android_ETC2Client'
[2020.02.17-16.20.13:128][  0]LogTargetPlatformManager: Display: Loaded TargetPlatform 'Android_PVRTCClient'
[2020.02.17-16.20.13:128][  0]LogTargetPlatformManager: Display: Loaded TargetPlatform 'Android_Multi'
[2020.02.17-16.20.13:129][  0]LogTargetPlatformManager: Display: Loaded TargetPlatform 'Android_MultiClient'
[2020.02.17-16.20.13:154][  0]LogTargetPlatformManager: Display: Loaded TargetPlatform 'IOSClient'
[2020.02.17-16.20.13:155][  0]LogTargetPlatformManager: Display: Loaded TargetPlatform 'IOS'
[2020.02.17-16.20.13:163][  0]LogTargetPlatformManager: Display: Loaded TargetPlatform 'LinuxNoEditor'
[2020.02.17-16.20.13:171][  0]LogTargetPlatformManager: Display: Loaded TargetPlatform 'LinuxClient'
[2020.02.17-16.20.13:179][  0]LogTargetPlatformManager: Display: Loaded TargetPlatform 'LinuxServer'
[2020.02.17-16.20.13:186][  0]LogTargetPlatformManager: Display: Loaded TargetPlatform 'LinuxAArch64NoEditor'
[2020.02.17-16.20.13:194][  0]LogTargetPlatformManager: Display: Loaded TargetPlatform 'LinuxAArch64Client'
[2020.02.17-16.20.13:202][  0]LogTargetPlatformManager: Display: Loaded TargetPlatform 'LinuxAArch64Server'
[2020.02.17-16.20.13:223][  0]LogTargetPlatformManager: Display: Loaded TargetPlatform 'Lumin'
[2020.02.17-16.20.13:223][  0]LogTargetPlatformManager: Display: Loaded TargetPlatform 'LuminClient'
[2020.02.17-16.20.13:236][  0]LogTargetPlatformManager: Display: Loaded TargetPlatform 'TVOSClient'
[2020.02.17-16.20.13:236][  0]LogTargetPlatformManager: Display: Loaded TargetPlatform 'TVOS'
[2020.02.17-16.20.13:243][  0]LogTargetPlatformManager: Display: Loaded TargetPlatform 'WindowsNoEditor'
[2020.02.17-16.20.13:250][  0]LogTargetPlatformManager: Display: Loaded TargetPlatform 'Windows'
[2020.02.17-16.20.13:258][  0]LogTargetPlatformManager: Display: Loaded TargetPlatform 'WindowsClient'
[2020.02.17-16.20.13:265][  0]LogTargetPlatformManager: Display: Loaded TargetPlatform 'WindowsServer'
[2020.02.17-16.20.13:265][  0]LogTargetPlatformManager: Display: Building Assets For Windows
[2020.02.17-16.20.13:273][  0]LogAudioDebug: Display: Lib vorbis DLL was dynamically loaded.
[2020.02.17-16.20.13:320][  0]LogShaderCompilers: Guid format shader working directory is -28 characters bigger than the processId version (C:/Users/Pierre/Documents/Unreal Projects/ProtosUnreal/FloorIsLiterallyLava/Intermediate/Shaders/WorkingDirectory/8868/).
[2020.02.17-16.20.13:321][  0]LogShaderCompilers: Cleaned the shader compiler working directory 'C:/Users/Pierre/AppData/Local/Temp/UnrealShaderWorkingDir/CB31F5DF4F9F84A82908E6B8A6A4512A/'.
[2020.02.17-16.20.13:321][  0]LogXGEController: Cannot use XGE Controller as Incredibuild is not installed on this machine.
[2020.02.17-16.20.13:321][  0]LogShaderCompilers: Cannot use XGE Shader Compiler as Incredibuild is not installed on this machine.
[2020.02.17-16.20.13:321][  0]LogShaderCompilers: Display: Using Local Shader Compiler.
[2020.02.17-16.20.13:925][  0]LogDerivedDataCache: Display: Max Cache Size: 512 MB
[2020.02.17-16.20.13:982][  0]LogDerivedDataCache: Loaded boot cache 0.06s 78MB C:/Users/Pierre/AppData/Local/UnrealEngine/4.24/DerivedDataCache/Boot.ddc.
[2020.02.17-16.20.13:982][  0]LogDerivedDataCache: Display: Loaded Boot cache: C:/Users/Pierre/AppData/Local/UnrealEngine/4.24/DerivedDataCache/Boot.ddc
[2020.02.17-16.20.13:982][  0]LogDerivedDataCache: FDerivedDataBackendGraph:  Pak pak cache file C:/Users/Pierre/Documents/Unreal Projects/ProtosUnreal/FloorIsLiterallyLava/DerivedDataCache/DDC.ddp not found, will not use a pak cache.
[2020.02.17-16.20.13:982][  0]LogDerivedDataCache: Unable to find inner node Pak for hierarchical cache Hierarchy.
[2020.02.17-16.20.13:982][  0]LogDerivedDataCache: FDerivedDataBackendGraph:  CompressedPak pak cache file C:/Users/Pierre/Documents/Unreal Projects/ProtosUnreal/FloorIsLiterallyLava/DerivedDataCache/Compressed.ddp not found, will not use a pak cache.
[2020.02.17-16.20.13:982][  0]LogDerivedDataCache: Unable to find inner node CompressedPak for hierarchical cache Hierarchy.
[2020.02.17-16.20.13:992][  0]LogDerivedDataCache: Display: Pak cache opened for reading ../../../Engine/DerivedDataCache/Compressed.ddp.
[2020.02.17-16.20.13:992][  0]LogDerivedDataCache: FDerivedDataBackendGraph:  EnterprisePak pak cache file ../../../Enterprise/DerivedDataCache/Compressed.ddp not found, will not use a pak cache.
[2020.02.17-16.20.13:992][  0]LogDerivedDataCache: Unable to find inner node EnterprisePak for hierarchical cache Hierarchy.
[2020.02.17-16.20.13:995][  0]LogDerivedDataCache: Using Local data cache path C:/Users/Pierre/AppData/Local/UnrealEngine/Common/DerivedDataCache: Writable
[2020.02.17-16.20.13:995][  0]LogDerivedDataCache: Shared data cache path not found in *engine.ini, will not use an Shared cache.
[2020.02.17-16.20.13:995][  0]LogDerivedDataCache: Unable to find inner node Shared for hierarchical cache Hierarchy.
[2020.02.17-16.20.14:016][  0]LogMaterial: Verifying Global Shaders for PCD3D_SM5
[2020.02.17-16.20.14:019][  0]LogSlate: Using FreeType 2.10.0
[2020.02.17-16.20.14:019][  0]LogSlate: SlateFontServices - WITH_FREETYPE: 1, WITH_HARFBUZZ: 1
[2020.02.17-16.20.14:065][  0]LogAssetRegistry: FAssetRegistry took 0.0046 seconds to start up
[2020.02.17-16.20.14:307][  0]LogInit: Selected Device Profile: [Windows]
[2020.02.17-16.20.14:463][  0]LogMeshReduction: Using QuadricMeshReduction for automatic static mesh reduction
[2020.02.17-16.20.14:463][  0]LogMeshReduction: Using SimplygonMeshReduction for automatic skeletal mesh reduction
[2020.02.17-16.20.14:463][  0]LogMeshReduction: Using ProxyLODMeshReduction for automatic mesh merging
[2020.02.17-16.20.14:463][  0]LogMeshReduction: No distributed automatic mesh merging module available
[2020.02.17-16.20.14:463][  0]LogMeshMerging: No distributed automatic mesh merging module available
[2020.02.17-16.20.14:476][  0]LogNetVersion: FloorIsLiterallyLava 1.0.0, NetCL: 10570792, EngineNetVer: 13, GameNetVer: 0 (Checksum: 407868460)
[2020.02.17-16.20.15:315][  0]LogPackageLocalizationCache: Processed 10 localized package path(s) for 1 prioritized culture(s) in 0.037132 seconds
[2020.02.17-16.20.15:330][  0]LogUObjectArray: 46750 objects as part of root set at end of initial load.
[2020.02.17-16.20.15:331][  0]LogUObjectAllocator: 8137160 out of 0 bytes used by permanent object pool.
[2020.02.17-16.20.15:331][  0]LogUObjectArray: CloseDisregardForGC: 0/0 objects in disregard for GC pool
[2020.02.17-16.20.15:867][  0]LogTcpMessaging: Initializing TcpMessaging bridge
[2020.02.17-16.20.15:875][  0]LogUdpMessaging: Initializing bridge on interface 0.0.0.0:0 to multicast group 230.0.0.1:6666.
[2020.02.17-16.20.16:008][  0]SourceControl: Source control is disabled
[2020.02.17-16.20.16:008][  0]SourceControl: Source control is disabled
[2020.02.17-16.20.16:011][  0]SourceControl: Source control is disabled
[2020.02.17-16.20.16:014][  0]SourceControl: Source control is disabled
[2020.02.17-16.20.16:017][  0]SourceControl: Source control is disabled
[2020.02.17-16.20.16:185][  0]LogAndroidPermission: UAndroidPermissionCallbackProxy::GetInstance
[2020.02.17-16.20.16:214][  0]LogAudioCaptureCore: Display: No Audio Capture implementations found. Audio input will be silent.
[2020.02.17-16.20.16:214][  0]LogAudioCaptureCore: Display: No Audio Capture implementations found. Audio input will be silent.
[2020.02.17-16.20.16:305][  0]LogOcInput: OculusInput pre-init called
[2020.02.17-16.20.16:316][  0]LogWindows: Failed to load 'OVRPlugin.dll' (GetLastError=126)
[2020.02.17-16.20.16:316][  0]LogWindows: File 'OVRPlugin.dll' does not exist
[2020.02.17-16.20.16:396][  0]LogEngine: Initializing Engine...
[2020.02.17-16.20.16:398][  0]LogHMD: Failed to initialize OpenVR with code 110
[2020.02.17-16.20.16:399][  0]LogStats: UGameplayTagsManager::InitializeManager -  0.000 s
[2020.02.17-16.20.16:718][  0]LogInit: Initializing FReadOnlyCVARCache
[2020.02.17-16.20.16:725][  0]LogAIModule: Creating AISystem for world Untitled
[2020.02.17-16.20.16:728][  0]LogAudioMixer: Display: Audio Mixer Platform Settings:
[2020.02.17-16.20.16:729][  0]LogAudioMixer: Display: 	Sample Rate:						  48000
[2020.02.17-16.20.16:729][  0]LogAudioMixer: Display: 	Callback Buffer Frame Size Requested: 1024
[2020.02.17-16.20.16:729][  0]LogAudioMixer: Display: 	Callback Buffer Frame Size To Use:	  1024
[2020.02.17-16.20.16:729][  0]LogAudioMixer: Display: 	Number of buffers to queue:			  2
[2020.02.17-16.20.16:729][  0]LogAudioMixer: Display: 	Max Channels (voices):				  32
[2020.02.17-16.20.16:729][  0]LogAudioMixer: Display: 	Number of Async Source Workers:		  0
[2020.02.17-16.20.16:729][  0]LogAudio: Display: AudioDevice MaxSources: 32
[2020.02.17-16.20.16:730][  0]LogAudio: Display: Using built-in audio occlusion.
[2020.02.17-16.20.16:730][  0]LogAudioMixer: Display: Initializing audio mixer.
[2020.02.17-16.20.16:748][  0]LogAudioMixer: Display: Audio Device Output Speaker Info:
[2020.02.17-16.20.16:748][  0]LogAudioMixer: Display: Name: Speakers (Synaptics SmartAudio HD)
[2020.02.17-16.20.16:748][  0]LogAudioMixer: Display: Is Default: Yes
[2020.02.17-16.20.16:748][  0]LogAudioMixer: Display: Sample Rate: 48000
[2020.02.17-16.20.16:748][  0]LogAudioMixer: Display: Channel Count Used: 2
[2020.02.17-16.20.16:749][  0]LogAudioMixer: Display: Device Channel Count: 2
[2020.02.17-16.20.16:749][  0]LogAudioMixer: Display: Channel Order:
[2020.02.17-16.20.16:749][  0]LogAudioMixer: Display: 0: FrontLeft
[2020.02.17-16.20.16:749][  0]LogAudioMixer: Display: 1: FrontRight
[2020.02.17-16.20.16:776][  0]LogAudioMixer: Display: Using Audio Device Speakers (Synaptics SmartAudio HD)
[2020.02.17-16.20.16:782][  0]LogInit: FAudioDevice initialized.
[2020.02.17-16.20.16:782][  0]LogNetVersion: Set ProjectVersion to 1.0.0.0. Version Checksum will be recalculated on next use.
[2020.02.17-16.20.16:874][  0]LogDerivedDataCache: Saved boot cache 0.09s 78MB C:/Users/Pierre/AppData/Local/UnrealEngine/4.24/DerivedDataCache/Boot.ddc.
[2020.02.17-16.20.16:878][  0]LogInit: Texture streaming: Enabled
[2020.02.17-16.20.16:897][  0]LogEngineSessionManager: EngineSessionManager initialized
[2020.02.17-16.20.16:897][  0]LogEngineSessionManager: EngineSessionManager sent abnormal shutdown report. Type=Crashed, SessionId={DA928027-4754-FD06-2ECA-AFA1905C922E}
[2020.02.17-16.20.16:897][  0]LogEditorSessionSummary: Verbose: Initializing EditorSessionSummaryWriter for editor session tracking
[2020.02.17-16.20.16:899][  0]LogEditorSessionSummary: EditorSessionSummaryWriter initialized
[2020.02.17-16.20.16:942][  0]LogInit: Transaction tracking system initialized
[2020.02.17-16.20.16:964][  0]BlueprintLog: New page: Editor Load
[2020.02.17-16.20.17:038][  0]LocalizationService: Localization service is disabled
[2020.02.17-16.20.17:320][  0]LogFileCache: Scanning file cache for directory 'C:/Users/Pierre/Documents/Unreal Projects/ProtosUnreal/FloorIsLiterallyLava/Content/' took 0.00s
[2020.02.17-16.20.17:320][  0]LogCook: Display: Max memory allowance for cook 16384mb min free memory 0mb
[2020.02.17-16.20.17:320][  0]LogCook: Display: Mobile HDR setting 1
[2020.02.17-16.20.17:914][  0]SourceControl: Source control is disabled
[2020.02.17-16.20.17:915][  0]Cmd: MAP LOAD FILE="../../../Engine/Content/Maps/Templates/Template_Default.umap" TEMPLATE=1 SHOWPROGRESS=1 FEATURELEVEL=3
[2020.02.17-16.20.17:916][  0]LightingResults: New page: Lighting Build
[2020.02.17-16.20.17:917][  0]LogWorld: UWorld::CleanupWorld for Untitled, bSessionEnded=true, bCleanupResources=true
[2020.02.17-16.20.17:917][  0]LogSlate: InvalidateAllWidgets triggered.  All widgets were invalidated
[2020.02.17-16.20.17:917][  0]MapCheck: New page: Map Check
[2020.02.17-16.20.17:917][  0]LightingResults: New page: Lighting Build
[2020.02.17-16.20.17:949][  0]LogUObjectHash: Compacting FUObjectHashTables data took   1.68ms
[2020.02.17-16.20.18:013][  0]LogAIModule: Creating AISystem for world Untitled_1
[2020.02.17-16.20.18:016][  0]LogEditorServer: Finished looking for orphan Actors (0.000 secs)
[2020.02.17-16.20.18:049][  0]LogUObjectHash: Compacting FUObjectHashTables data took   1.85ms
[2020.02.17-16.20.18:050][  0]Cmd: MAP CHECKDEP NOCLEARLOG
[2020.02.17-16.20.18:050][  0]MapCheck: Map check complete: 0 Error(s), 0 Warning(s), took 0,147ms to complete.
[2020.02.17-16.20.18:050][  0]LogFileHelpers: Loading map 'Template_Default' took 0.135
[2020.02.17-16.20.18:199][  0]LogSlate: Updating window title bar state: overlay mode, drag disabled, window buttons hidden, title bar hidden
[2020.02.17-16.20.18:207][  0]LogSlate: Updating window title bar state: overlay mode, drag disabled, window buttons hidden, title bar hidden
[2020.02.17-16.20.18:213][  0]LogSlate: Updating window title bar state: overlay mode, drag disabled, window buttons hidden, title bar hidden
[2020.02.17-16.20.18:219][  0]LogSlate: Updating window title bar state: overlay mode, drag disabled, window buttons hidden, title bar hidden
[2020.02.17-16.20.18:225][  0]LogCollectionManager: Loaded 0 collections in 0.000720 seconds
[2020.02.17-16.20.18:251][  0]LogFileCache: Scanning file cache for directory 'C:/Users/Pierre/Documents/Unreal Projects/ProtosUnreal/FloorIsLiterallyLava/Saved/Collections/' took 0.00s
[2020.02.17-16.20.18:252][  0]LogFileCache: Scanning file cache for directory 'C:/Users/Pierre/Documents/Unreal Projects/ProtosUnreal/FloorIsLiterallyLava/Content/Developers/Pierre/Collections/' took 0.00s
[2020.02.17-16.20.18:252][  0]LogFileCache: Scanning file cache for directory 'C:/Users/Pierre/Documents/Unreal Projects/ProtosUnreal/FloorIsLiterallyLava/Content/Collections/' took 0.00s
[2020.02.17-16.20.18:252][  0]LogContentBrowser: Native class hierarchy populated in 0.0172 seconds. Added 3017 classes and 722 folders.
[2020.02.17-16.20.18:254][  0]LogContentBrowser: Native class hierarchy updated for 'WidgetCarousel' in 0.0003 seconds. Added 0 classes and 0 folders.
[2020.02.17-16.20.18:288][  0]LogContentBrowser: Native class hierarchy updated for 'AddContentDialog' in 0.0003 seconds. Added 0 classes and 0 folders.
[2020.02.17-16.20.18:297][  0]LogContentBrowser: Native class hierarchy updated for 'SceneOutliner' in 0.0004 seconds. Added 2 classes and 3 folders.
[2020.02.17-16.20.19:222][  0]LogSlate: Took 0.000243 seconds to synchronously load lazily loaded font '../../../Engine/Content/Slate/Fonts/Roboto-Regular.ttf' (155K)
[2020.02.17-16.20.19:226][  0]LogSlate: Took 0.000833 seconds to synchronously load lazily loaded font '../../../Engine/Content/Slate/Fonts/Roboto-Bold.ttf' (160K)
[2020.02.17-16.20.19:233][  0]LogSlate: Took 0.000155 seconds to synchronously load lazily loaded font '../../../Engine/Content/Editor/Slate/Fonts/FontAwesome.ttf' (139K)
[2020.02.17-16.20.19:321][  0]LogRenderer: Reallocating scene render targets to support 1208x576 Format 10 NumSamples 1 (Frame:1).
[2020.02.17-16.20.19:552][  0]LogContentBrowser: Native class hierarchy updated for 'HierarchicalLODOutliner' in 0.0006 seconds. Added 0 classes and 0 folders.
[2020.02.17-16.20.19:553][  0]LogLoad: (Engine Initialization) Total time: 8.72 seconds
[2020.02.17-16.20.19:553][  0]LogLoad: (Engine Initialization) Total Blueprint compile time: 0.00 seconds
[2020.02.17-16.20.19:644][  0]LogAssetRegistry: Asset discovery search completed in 5.5818 seconds
[2020.02.17-16.20.19:647][  0]LogCollectionManager: Fixed up redirectors for 0 collections in 0.000007 seconds (updated 0 objects)
[2020.02.17-16.20.19:648][  0]LogContentStreaming: Texture pool size now 1000 MB
[2020.02.17-16.20.20:687][ 42]LogSlate: Took 0.000200 seconds to synchronously load lazily loaded font '../../../Engine/Content/Slate/Fonts/Roboto-Light.ttf' (167K)
[2020.02.17-16.20.27:416][260]LogAssetEditorSubsystem: Opening Asset editor for Blueprint /Game/Gameplay/3C/Pawn/BP_PlayerPawn.BP_PlayerPawn
[2020.02.17-16.20.27:602][260]LogContentBrowser: Native class hierarchy updated for 'BlueprintGraph' in 0.0007 seconds. Added 121 classes and 0 folders.
[2020.02.17-16.20.28:345][260]LogActor: Warning: BP_PlayerPawn_C /Engine/Transient.World_1:PersistentLevel.BP_PlayerPawn_C_0 has natively added scene component(s), but none of them were set as the actor's RootComponent - picking one arbitrarily
[2020.02.17-16.20.31:364][338]LogSlate: Window 'BP_PlayerPawn' being destroyed
[2020.02.17-16.20.34:314][471]LogWorld: UWorld::CleanupWorld for World_1, bSessionEnded=true, bCleanupResources=true
[2020.02.17-16.20.34:316][471]LogSlate: InvalidateAllWidgets triggered.  All widgets were invalidated
[2020.02.17-16.20.34:430][471]LogAssetEditorSubsystem: Opening Asset editor for Blueprint /Game/Gameplay/3C/Pawn/BP_PlayerPawn.BP_PlayerPawn
[2020.02.17-16.20.34:892][471]LogActor: Warning: BP_PlayerPawn_C /Engine/Transient.World_2:PersistentLevel.BP_PlayerPawn_C_0 has natively added scene component(s), but none of them were set as the actor's RootComponent - picking one arbitrarily
[2020.02.17-16.20.34:900][471]LogSlate: Took 0.000160 seconds to synchronously load lazily loaded font '../../../Engine/Content/Slate/Fonts/Roboto-BoldCondensed.ttf' (158K)
[2020.02.17-16.20.37:175][526]LogSlate: Window 'BP_PlayerPawn' being destroyed
[2020.02.17-16.20.39:215][599]LogSlate: Took 0.000940 seconds to synchronously load lazily loaded font '../../../Engine/Content/Slate/Fonts/Roboto-Italic.ttf' (157K)
[2020.02.17-16.20.41:517][675]LogRenderer: Reallocating scene render targets to support 1208x900 Format 10 NumSamples 1 (Frame:1).
[2020.02.17-16.23.41:342][185]LogTemp: Repeating last play command: Selected Viewport
[2020.02.17-16.23.41:385][185]LogPlayLevel: PlayLevel: No blueprints needed recompiling
[2020.02.17-16.23.41:387][185]PIE: New page: PIE session: Untitled_1 (17 févr. 2020 à 18:23:41)
[2020.02.17-16.23.41:394][185]LogOnline: OSS: Creating online subsystem instance for: NULL
[2020.02.17-16.23.41:404][185]LogOnline: OSS: TryLoadSubsystemAndSetDefault: Loaded subsystem for module [NULL]
[2020.02.17-16.23.41:404][185]LogPlayLevel: Creating play world package: /Temp/UEDPIE_0_Untitled_1
[2020.02.17-16.23.41:414][185]LogPlayLevel: PIE: StaticDuplicateObject took: (0.008633s)
[2020.02.17-16.23.41:419][185]LogAIModule: Creating AISystem for world Untitled_1
[2020.02.17-16.23.41:419][185]LogPlayLevel: PIE: World Init took: (0.004818s)
[2020.02.17-16.23.41:420][185]LogPlayLevel: PIE: Created PIE world by copying editor world from /Temp/Untitled_1.Untitled_1 to /Temp/UEDPIE_0_Untitled_1.Untitled_1 (0.015280s)
[2020.02.17-16.23.41:463][185]LogUObjectHash: Compacting FUObjectHashTables data took   3.52ms
[2020.02.17-16.23.41:466][185]LogAudioMixer: Display: Audio Mixer Platform Settings:
[2020.02.17-16.23.41:466][185]LogAudioMixer: Display: 	Sample Rate:						  48000
[2020.02.17-16.23.41:466][185]LogAudioMixer: Display: 	Callback Buffer Frame Size Requested: 1024
[2020.02.17-16.23.41:466][185]LogAudioMixer: Display: 	Callback Buffer Frame Size To Use:	  1024
[2020.02.17-16.23.41:466][185]LogAudioMixer: Display: 	Number of buffers to queue:			  2
[2020.02.17-16.23.41:466][185]LogAudioMixer: Display: 	Max Channels (voices):				  32
[2020.02.17-16.23.41:466][185]LogAudioMixer: Display: 	Number of Async Source Workers:		  0
[2020.02.17-16.23.41:466][185]LogAudio: Display: AudioDevice MaxSources: 32
[2020.02.17-16.23.41:467][185]LogAudio: Display: Using built-in audio occlusion.
[2020.02.17-16.23.41:467][185]LogAudioMixer: Display: Initializing audio mixer.
[2020.02.17-16.23.41:474][185]LogAudioMixer: Display: Audio Device Output Speaker Info:
[2020.02.17-16.23.41:474][185]LogAudioMixer: Display: Name: Speakers (Synaptics SmartAudio HD)
[2020.02.17-16.23.41:474][185]LogAudioMixer: Display: Is Default: Yes
[2020.02.17-16.23.41:474][185]LogAudioMixer: Display: Sample Rate: 48000
[2020.02.17-16.23.41:474][185]LogAudioMixer: Display: Channel Count Used: 2
[2020.02.17-16.23.41:474][185]LogAudioMixer: Display: Device Channel Count: 2
[2020.02.17-16.23.41:474][185]LogAudioMixer: Display: Channel Order:
[2020.02.17-16.23.41:475][185]LogAudioMixer: Display: 0: FrontLeft
[2020.02.17-16.23.41:475][185]LogAudioMixer: Display: 1: FrontRight
[2020.02.17-16.23.41:481][185]LogAudioMixer: Display: Using Audio Device Speakers (Synaptics SmartAudio HD)
[2020.02.17-16.23.41:484][185]LogInit: FAudioDevice initialized.
[2020.02.17-16.23.41:535][185]LogSlate: Updating window title bar state: overlay mode, drag disabled, window buttons hidden, title bar hidden
[2020.02.17-16.23.41:546][185]LogLoad: Game class is 'DefaultGameMode_C'
[2020.02.17-16.23.41:548][185]LogWorld: Bringing World /Temp/UEDPIE_0_Untitled_1.Untitled_1 up for play (max tick rate 60) at 2020.02.17-17.23.41
[2020.02.17-16.23.41:548][185]LogWorld: Bringing up level for play took: 0.000772
[2020.02.17-16.23.41:548][185]LogOnline: OSS: Creating online subsystem instance for: :Context_4
[2020.02.17-16.23.41:553][185]LogContentBrowser: Native class hierarchy updated for 'MovieSceneCapture' in 0.0004 seconds. Added 20 classes and 0 folders.
[2020.02.17-16.23.41:554][185]LogActor: Warning: BP_PlayerPawn_C /Temp/UEDPIE_0_Untitled_1.Untitled_1:PersistentLevel.BP_PlayerPawn_C_0 has natively added scene component(s), but none of them were set as the actor's RootComponent - picking one arbitrarily
[2020.02.17-16.23.41:555][185]PIE: Play in editor start time for /Temp/UEDPIE_0_Untitled_1 -0,434
[2020.02.17-16.23.44:957][279]LogSlate: Window 'FloorIsLiterallyLava Game Preview Standalone (64-bit/PCD3D_SM5)' being destroyed
[2020.02.17-16.23.45:093][279]LogWorld: BeginTearingDown for /Temp/UEDPIE_0_Untitled_1
[2020.02.17-16.23.45:095][279]LogAudioMixer: Display: No commands were queued while flushing the source manager.
[2020.02.17-16.23.45:096][279]LogWorld: UWorld::CleanupWorld for Untitled_1, bSessionEnded=true, bCleanupResources=true
[2020.02.17-16.23.45:097][279]LogSlate: InvalidateAllWidgets triggered.  All widgets were invalidated
[2020.02.17-16.23.45:107][279]LogPlayLevel: Display: Shutting down PIE online subsystems
[2020.02.17-16.23.45:119][279]LogSlate: InvalidateAllWidgets triggered.  All widgets were invalidated
[2020.02.17-16.23.45:167][279]LogAudioMixer: Display: No commands were queued while flushing the source manager.
[2020.02.17-16.23.45:207][279]LogUObjectHash: Compacting FUObjectHashTables data took   3.82ms
[2020.02.17-16.23.45:223][280]LogPlayLevel: Display: Destroying online subsystem :Context_4
[2020.02.17-16.23.47:656][370]Candidate modules for hot reload:
[2020.02.17-16.23.47:656][370]  FloorIsLiterallyLava
[2020.02.17-16.23.47:656][370]Launching UnrealBuildTool... [D:/Epic Games/UE_4.24/Engine/Binaries/DotNET/UnrealBuildTool.exe  -ModuleWithSuffix=FloorIsLiterallyLava,9324 Win64 Development -TargetType=Editor -Project="C:/Users/Pierre/Documents/Unreal Projects/ProtosUnreal/FloorIsLiterallyLava/FloorIsLiterallyLava.uproject" "C:/Users/Pierre/Documents/Unreal Projects/ProtosUnreal/FloorIsLiterallyLava/FloorIsLiterallyLava.uproject"  -IgnoreJunk]
[2020.02.17-16.23.47:666][370]Warning: Starting HotReload took  0.1s.
[2020.02.17-16.23.57:670][503]CompilerResultsLog: New page: Compilation - 17 févr. 2020 à 18:23:57
[2020.02.17-16.23.57:671][503]CompilerResultsLog: Using 'git status' to determine working set for adaptive non-unity build (C:\Users\Pierre\Documents\Unreal Projects\ProtosUnreal).
[2020.02.17-16.23.57:671][503]CompilerResultsLog: Parsing headers for FloorIsLiterallyLavaEditor
[2020.02.17-16.23.57:671][503]CompilerResultsLog:   Running UnrealHeaderTool "C:\Users\Pierre\Documents\Unreal Projects\ProtosUnreal\FloorIsLiterallyLava\FloorIsLiterallyLava.uproject" "C:\Users\Pierre\Documents\Unreal Projects\ProtosUnreal\FloorIsLiterallyLava\Intermediate\Build\Win64\FloorIsLiterallyLavaEditor\Development\FloorIsLiterallyLavaEditor.uhtmanifest" -LogCmds="loginit warning, logexit warning, logdatabase error" -Unattended -WarningsAsErrors -installed
[2020.02.17-16.23.57:671][503]CompilerResultsLog: Reflection code generated for FloorIsLiterallyLavaEditor in 6,3072945 seconds
[2020.02.17-16.23.57:671][503]CompilerResultsLog: Building FloorIsLiterallyLavaEditor...
[2020.02.17-16.23.57:671][503]CompilerResultsLog: Using Visual Studio 2019 14.24.28316 toolchain (C:\Program Files (x86)\Microsoft Visual Studio\2019\Community\VC\Tools\MSVC\14.24.28314) and Windows 10.0.18362.0 SDK (C:\Program Files (x86)\Windows Kits\10).
[2020.02.17-16.23.57:671][503]CompilerResultsLog: Building 4 actions with 12 processes...
[2020.02.17-16.23.57:671][503]CompilerResultsLog:   [1/4] BasePawn.cpp
[2020.02.17-16.23.57:671][503]CompilerResultsLog:   [2/4] UE4Editor-FloorIsLiterallyLava-9324.lib
[2020.02.17-16.23.57:672][503]CompilerResultsLog:      Cr?ation de la biblioth?que C:\Users\Pierre\Documents\Unreal Projects\ProtosUnreal\FloorIsLiterallyLava\Intermediate\Build\Win64\UE4Editor\Development\FloorIsLiterallyLava\UE4Editor-FloorIsLiterallyLava-9324.lib et de l'objet C:\Users\Pierre\Documents\Unreal Projects\ProtosUnreal\FloorIsLiterallyLava\Intermediate\Build\Win64\UE4Editor\Development\FloorIsLiterallyLava\UE4Editor-FloorIsLiterallyLava-9324.exp
[2020.02.17-16.23.57:672][503]CompilerResultsLog:   [3/4] UE4Editor-FloorIsLiterallyLava-9324.dll
[2020.02.17-16.23.57:672][503]CompilerResultsLog:      Cr?ation de la biblioth?que C:\Users\Pierre\Documents\Unreal Projects\ProtosUnreal\FloorIsLiterallyLava\Intermediate\Build\Win64\UE4Editor\Development\FloorIsLiterallyLava\UE4Editor-FloorIsLiterallyLava-9324.suppressed.lib et de l'objet C:\Users\Pierre\Documents\Unreal Projects\ProtosUnreal\FloorIsLiterallyLava\Intermediate\Build\Win64\UE4Editor\Development\FloorIsLiterallyLava\UE4Editor-FloorIsLiterallyLava-9324.suppressed.exp
[2020.02.17-16.23.57:672][503]CompilerResultsLog:   [4/4] FloorIsLiterallyLavaEditor.target
[2020.02.17-16.23.57:672][503]CompilerResultsLog: Total time in Parallel executor: 1,35 seconds
[2020.02.17-16.23.57:672][503]CompilerResultsLog: Total execution time: 9,85 seconds
[2020.02.17-16.23.57:672][503]LogMainFrame: MainFrame: Module compiling took 10.033 seconds
[2020.02.17-16.23.57:710][503]LogUObjectHash: Compacting FUObjectHashTables data took   4.30ms
[2020.02.17-16.23.57:766][503]LogContentBrowser: Native class hierarchy updated for 'FloorIsLiterallyLava' in 0.0004 seconds. Added 2 classes and 5 folders.
[2020.02.17-16.23.57:772][503]Display: HotReload successful (0 functions remapped  0 scriptstructs remapped)
[2020.02.17-16.23.57:874][503]LogUObjectHash: Compacting FUObjectHashTables data took   2.54ms
[2020.02.17-16.23.57:888][503]LogContentBrowser: Native class hierarchy populated in 0.0074 seconds. Added 3019 classes and 725 folders.
[2020.02.17-16.23.57:888][503]Display: HotReload took 10.3s.
[2020.02.17-16.25.06:977][983]Candidate modules for hot reload:
[2020.02.17-16.25.06:977][983]  FloorIsLiterallyLava
[2020.02.17-16.25.06:977][983]Launching UnrealBuildTool... [D:/Epic Games/UE_4.24/Engine/Binaries/DotNET/UnrealBuildTool.exe  -ModuleWithSuffix=FloorIsLiterallyLava,2831 Win64 Development -TargetType=Editor -Project="C:/Users/Pierre/Documents/Unreal Projects/ProtosUnreal/FloorIsLiterallyLava/FloorIsLiterallyLava.uproject" "C:/Users/Pierre/Documents/Unreal Projects/ProtosUnreal/FloorIsLiterallyLava/FloorIsLiterallyLava.uproject"  -IgnoreJunk]
[2020.02.17-16.25.06:989][983]Warning: Starting HotReload took  0.1s.
[2020.02.17-16.25.24:242][467]CompilerResultsLog: New page: Compilation - 17 févr. 2020 à 18:25:24
[2020.02.17-16.25.24:242][467]CompilerResultsLog: Using 'git status' to determine working set for adaptive non-unity build (C:\Users\Pierre\Documents\Unreal Projects\ProtosUnreal).
[2020.02.17-16.25.24:242][467]CompilerResultsLog: Parsing headers for FloorIsLiterallyLavaEditor
[2020.02.17-16.25.24:242][467]CompilerResultsLog:   Running UnrealHeaderTool "C:\Users\Pierre\Documents\Unreal Projects\ProtosUnreal\FloorIsLiterallyLava\FloorIsLiterallyLava.uproject" "C:\Users\Pierre\Documents\Unreal Projects\ProtosUnreal\FloorIsLiterallyLava\Intermediate\Build\Win64\FloorIsLiterallyLavaEditor\Development\FloorIsLiterallyLavaEditor.uhtmanifest" -LogCmds="loginit warning, logexit warning, logdatabase error" -Unattended -WarningsAsErrors -installed
[2020.02.17-16.25.24:242][467]CompilerResultsLog: Reflection code generated for FloorIsLiterallyLavaEditor in 10,3263581 seconds
[2020.02.17-16.25.24:242][467]CompilerResultsLog: Building FloorIsLiterallyLavaEditor...
[2020.02.17-16.25.24:242][467]CompilerResultsLog: Using Visual Studio 2019 14.24.28316 toolchain (C:\Program Files (x86)\Microsoft Visual Studio\2019\Community\VC\Tools\MSVC\14.24.28314) and Windows 10.0.18362.0 SDK (C:\Program Files (x86)\Windows Kits\10).
[2020.02.17-16.25.24:242][467]CompilerResultsLog: Building 6 actions with 12 processes...
[2020.02.17-16.25.24:242][467]CompilerResultsLog:   [1/6] FloorIsLiterallyLava.init.gen.cpp
[2020.02.17-16.25.24:242][467]CompilerResultsLog:   [2/6] BasePawn.gen.cpp
[2020.02.17-16.25.24:243][467]CompilerResultsLog:   [3/6] BasePawn.cpp
[2020.02.17-16.25.24:243][467]CompilerResultsLog:   [4/6] UE4Editor-FloorIsLiterallyLava-2831.lib
[2020.02.17-16.25.24:243][467]CompilerResultsLog:      Cr?ation de la biblioth?que C:\Users\Pierre\Documents\Unreal Projects\ProtosUnreal\FloorIsLiterallyLava\Intermediate\Build\Win64\UE4Editor\Development\FloorIsLiterallyLava\UE4Editor-FloorIsLiterallyLava-2831.lib et de l'objet C:\Users\Pierre\Documents\Unreal Projects\ProtosUnreal\FloorIsLiterallyLava\Intermediate\Build\Win64\UE4Editor\Development\FloorIsLiterallyLava\UE4Editor-FloorIsLiterallyLava-2831.exp
[2020.02.17-16.25.24:243][467]CompilerResultsLog:   [5/6] UE4Editor-FloorIsLiterallyLava-2831.dll
[2020.02.17-16.25.24:243][467]CompilerResultsLog:      Cr?ation de la biblioth?que C:\Users\Pierre\Documents\Unreal Projects\ProtosUnreal\FloorIsLiterallyLava\Intermediate\Build\Win64\UE4Editor\Development\FloorIsLiterallyLava\UE4Editor-FloorIsLiterallyLava-2831.suppressed.lib et de l'objet C:\Users\Pierre\Documents\Unreal Projects\ProtosUnreal\FloorIsLiterallyLava\Intermediate\Build\Win64\UE4Editor\Development\FloorIsLiterallyLava\UE4Editor-FloorIsLiterallyLava-2831.suppressed.exp
[2020.02.17-16.25.24:243][467]CompilerResultsLog:   [6/6] FloorIsLiterallyLavaEditor.target
[2020.02.17-16.25.24:243][467]CompilerResultsLog: Total time in Parallel executor: 4,24 seconds
[2020.02.17-16.25.24:243][467]CompilerResultsLog: Total execution time: 17,07 seconds
[2020.02.17-16.25.24:243][467]LogMainFrame: MainFrame: Module compiling took 17.311 seconds
[2020.02.17-16.25.24:365][467]LogUObjectHash: Compacting FUObjectHashTables data took   4.27ms
[2020.02.17-16.25.24:394][467]LogClass: Could not find existing class BasePawn in package /Script/FloorIsLiterallyLava for HotReload, assuming new class
[2020.02.17-16.25.24:406][467]LogHotReload: Re-instancing BasePawn after hot-reload.
[2020.02.17-16.25.24:409][467]LogActor: Warning: BP_PlayerPawn_C /Engine/Transient.World_2:PersistentLevel.BP_PlayerPawn_C_0 has natively added scene component(s), but none of them were set as the actor's RootComponent - picking one arbitrarily
[2020.02.17-16.25.24:780][467]LogContentBrowser: Native class hierarchy updated for 'FloorIsLiterallyLava' in 0.0003 seconds. Added 2 classes and 5 folders.
[2020.02.17-16.25.24:785][467]Display: HotReload successful (0 functions remapped  0 scriptstructs remapped)
[2020.02.17-16.25.24:889][467]LogUObjectHash: Compacting FUObjectHashTables data took   3.61ms
[2020.02.17-16.25.24:904][467]LogContentBrowser: Native class hierarchy populated in 0.0081 seconds. Added 3019 classes and 725 folders.
[2020.02.17-16.25.24:904][467]Display: HotReload took 18.0s.
[2020.02.17-16.26.01:561][787]BlueprintLog: New page: Compile BP_PlayerPawn
[2020.02.17-16.26.01:621][787]LogActor: Warning: BP_PlayerPawn_C /Engine/Transient.World_2:PersistentLevel.BP_PlayerPawn_C_0 has natively added scene component(s), but none of them were set as the actor's RootComponent - picking one arbitrarily
[2020.02.17-16.26.01:934][787]LogUObjectHash: Compacting FUObjectHashTables data took   4.16ms
[2020.02.17-16.26.02:943][821]LogSavePackage: Moving 'C:/Users/Pierre/Documents/Unreal Projects/ProtosUnreal/FloorIsLiterallyLava/Saved/BP_PlayerPawnDB0947324341FE032FC95FB6D429252D.tmp' to 'C:/Users/Pierre/Documents/Unreal Projects/ProtosUnreal/FloorIsLiterallyLava/Content/Gameplay/3C/Pawn/BP_PlayerPawn.uasset'
[2020.02.17-16.26.02:961][821]AssetCheck: New page: Asset Save: BP_PlayerPawn
[2020.02.17-16.26.02:961][821]LogContentValidation: Display: Validating Blueprint /Game/Gameplay/3C/Pawn/BP_PlayerPawn.BP_PlayerPawn
[2020.02.17-16.27.04:012][ 64]BlueprintLog: New page: Compile BP_PlayerPawn
[2020.02.17-16.27.04:049][ 64]LogActor: Warning: BP_PlayerPawn_C /Engine/Transient.World_2:PersistentLevel.BP_PlayerPawn_C_0 has natively added scene component(s), but none of them were set as the actor's RootComponent - picking one arbitrarily
[2020.02.17-16.27.04:370][ 64]LogUObjectHash: Compacting FUObjectHashTables data took   3.61ms
[2020.02.17-16.27.05:437][ 87]LogActor: Warning: BP_PlayerPawn_C /Engine/Transient.World_4:PersistentLevel.BP_PlayerPawn_C_0 has natively added scene component(s), but none of them were set as the actor's RootComponent - picking one arbitrarily
[2020.02.17-16.27.05:518][ 87]LogSavePackage: Moving 'C:/Users/Pierre/Documents/Unreal Projects/ProtosUnreal/FloorIsLiterallyLava/Saved/BP_PlayerPawn0CBF56E4469839DDD0BE83B258D534EB.tmp' to 'C:/Users/Pierre/Documents/Unreal Projects/ProtosUnreal/FloorIsLiterallyLava/Content/Gameplay/3C/Pawn/BP_PlayerPawn.uasset'
[2020.02.17-16.27.05:534][ 87]AssetCheck: New page: Asset Save: BP_PlayerPawn
[2020.02.17-16.27.05:534][ 87]LogContentValidation: Display: Validating Blueprint /Game/Gameplay/3C/Pawn/BP_PlayerPawn.BP_PlayerPawn
[2020.02.17-16.27.06:845][143]LogTemp: Repeating last play command: Selected Viewport
[2020.02.17-16.27.06:874][143]LogPlayLevel: PlayLevel: No blueprints needed recompiling
[2020.02.17-16.27.06:875][143]PIE: New page: PIE session: Untitled_1 (17 févr. 2020 à 18:27:06)
[2020.02.17-16.27.06:875][143]LogPlayLevel: Creating play world package: /Temp/UEDPIE_0_Untitled_1
[2020.02.17-16.27.06:877][143]LogPlayLevel: PIE: StaticDuplicateObject took: (0.002031s)
[2020.02.17-16.27.06:880][143]LogAIModule: Creating AISystem for world Untitled_1
[2020.02.17-16.27.06:881][143]LogPlayLevel: PIE: World Init took: (0.004121s)
[2020.02.17-16.27.06:881][143]LogPlayLevel: PIE: Created PIE world by copying editor world from /Temp/Untitled_1.Untitled_1 to /Temp/UEDPIE_0_Untitled_1.Untitled_1 (0.007295s)
[2020.02.17-16.27.06:936][143]LogUObjectHash: Compacting FUObjectHashTables data took   3.77ms
[2020.02.17-16.27.06:937][143]LogAudioMixer: Display: Audio Mixer Platform Settings:
[2020.02.17-16.27.06:937][143]LogAudioMixer: Display: 	Sample Rate:						  48000
[2020.02.17-16.27.06:937][143]LogAudioMixer: Display: 	Callback Buffer Frame Size Requested: 1024
[2020.02.17-16.27.06:937][143]LogAudioMixer: Display: 	Callback Buffer Frame Size To Use:	  1024
[2020.02.17-16.27.06:938][143]LogAudioMixer: Display: 	Number of buffers to queue:			  2
[2020.02.17-16.27.06:938][143]LogAudioMixer: Display: 	Max Channels (voices):				  32
[2020.02.17-16.27.06:938][143]LogAudioMixer: Display: 	Number of Async Source Workers:		  0
[2020.02.17-16.27.06:938][143]LogAudio: Display: AudioDevice MaxSources: 32
[2020.02.17-16.27.06:938][143]LogAudio: Display: Using built-in audio occlusion.
[2020.02.17-16.27.06:939][143]LogAudioMixer: Display: Initializing audio mixer.
[2020.02.17-16.27.06:944][143]LogAudioMixer: Display: Audio Device Output Speaker Info:
[2020.02.17-16.27.06:944][143]LogAudioMixer: Display: Name: Speakers (Synaptics SmartAudio HD)
[2020.02.17-16.27.06:944][143]LogAudioMixer: Display: Is Default: Yes
[2020.02.17-16.27.06:944][143]LogAudioMixer: Display: Sample Rate: 48000
[2020.02.17-16.27.06:944][143]LogAudioMixer: Display: Channel Count Used: 2
[2020.02.17-16.27.06:944][143]LogAudioMixer: Display: Device Channel Count: 2
[2020.02.17-16.27.06:945][143]LogAudioMixer: Display: Channel Order:
[2020.02.17-16.27.06:945][143]LogAudioMixer: Display: 0: FrontLeft
[2020.02.17-16.27.06:945][143]LogAudioMixer: Display: 1: FrontRight
[2020.02.17-16.27.06:952][143]LogAudioMixer: Display: Using Audio Device Speakers (Synaptics SmartAudio HD)
[2020.02.17-16.27.06:955][143]LogInit: FAudioDevice initialized.
[2020.02.17-16.27.07:005][143]LogSlate: Updating window title bar state: overlay mode, drag disabled, window buttons hidden, title bar hidden
[2020.02.17-16.27.07:006][143]LogLoad: Game class is 'DefaultGameMode_C'
[2020.02.17-16.27.07:008][143]LogWorld: Bringing World /Temp/UEDPIE_0_Untitled_1.Untitled_1 up for play (max tick rate 60) at 2020.02.17-17.27.07
[2020.02.17-16.27.07:008][143]LogWorld: Bringing up level for play took: 0.001405
[2020.02.17-16.27.07:009][143]LogOnline: OSS: Creating online subsystem instance for: :Context_7
[2020.02.17-16.27.07:022][143]LogActor: Warning: BP_PlayerPawn_C /Temp/UEDPIE_0_Untitled_1.Untitled_1:PersistentLevel.BP_PlayerPawn_C_0 has natively added scene component(s), but none of them were set as the actor's RootComponent - picking one arbitrarily
[2020.02.17-16.27.07:033][143]PIE: Play in editor start time for /Temp/UEDPIE_0_Untitled_1 1,044
[2020.02.17-16.27.14:134][370]LogAudioMixer: Display: No commands were queued while flushing the source manager.
[2020.02.17-16.27.14:136][370]LogAudioMixer: Display: No commands were queued while flushing the source manager.
[2020.02.17-16.27.14:137][370]LogSlate: Updating window title bar state: overlay mode, drag disabled, window buttons hidden, title bar hidden
[2020.02.17-16.27.14:137][370]LogWorld: BeginTearingDown for /Temp/UEDPIE_0_Untitled_1
[2020.02.17-16.27.14:166][370]LogSlate: Window 'FloorIsLiterallyLava Game Preview Standalone (64-bit/PCD3D_SM5)' being destroyed
[2020.02.17-16.27.14:208][370]LogAudioMixer: Display: No commands were queued while flushing the source manager.
[2020.02.17-16.27.14:210][370]LogWorld: UWorld::CleanupWorld for Untitled_1, bSessionEnded=true, bCleanupResources=true
[2020.02.17-16.27.14:211][370]LogSlate: InvalidateAllWidgets triggered.  All widgets were invalidated
[2020.02.17-16.27.14:259][370]LogPlayLevel: Display: Shutting down PIE online subsystems
[2020.02.17-16.27.14:290][370]LogSlate: InvalidateAllWidgets triggered.  All widgets were invalidated
[2020.02.17-16.27.14:346][370]LogAudioMixer: Display: No commands were queued while flushing the source manager.
[2020.02.17-16.27.14:358][370]LogUObjectHash: Compacting FUObjectHashTables data took   3.12ms
[2020.02.17-16.27.14:374][371]LogPlayLevel: Display: Destroying online subsystem :Context_7
[2020.02.17-16.27.19:292][546]LogAudioMixer: Display: Audio Buffer Underrun detected.
[2020.02.17-16.30.32:726][123]LogAudioMixer: Display: Audio Buffer Underrun detected.
